#
# There is insufficient memory for the Java Runtime Environment to continue.
# Native memory allocation (mmap) failed to map 134217728 bytes for G1 virtual space
# Possible reasons:
#   The system is out of physical RAM or swap space
#   The process is running with CompressedOops enabled, and the Java Heap may be blocking the growth of the native heap
# Possible solutions:
#   Reduce memory load on the system
#   Increase physical memory or swap space
#   Check if swap backing store is full
#   Decrease Java heap size (-Xmx/-Xms)
#   Decrease number of Java threads
#   Decrease Java thread stack sizes (-Xss)
#   Set larger code cache with -XX:ReservedCodeCacheSize=
#   JVM is running with Unscaled Compressed Oops mode in which the Java heap is
#     placed in the first 4GB address space. The Java Heap base address is the
#     maximum limit for the native heap growth. Please use -XX:HeapBaseMinAddress
#     to set the Java Heap base and to place the Java Heap above 4GB virtual address.
# This output file may be truncated or incomplete.
#
#  Out of Memory Error (os_windows.cpp:3466), pid=22672, tid=22612
#
# JRE version:  (16.0.1+9) (build )
# Java VM: Java HotSpot(TM) 64-Bit Server VM (16.0.1+9-24, mixed mode, sharing, tiered, compressed oops, compressed class ptrs, g1 gc, windows-amd64)
# No core dump will be written. Minidumps are not enabled by default on client versions of Windows
#

---------------  S U M M A R Y ------------

Command Line: -Dfile.encoding=Cp1252 -XX:+ShowCodeDetailsInExceptionMessages house.House

Host: Intel(R) Core(TM) i5-8265U CPU @ 1.60GHz, 8 cores, 7G,  Windows 10 , 64 bit Build 22000 (10.0.22000.434)
Time: Sat Feb  5 01:14:43 2022 India Standard Time elapsed time: 0.007055 seconds (0d 0h 0m 0s)

---------------  T H R E A D  ---------------

Current thread (0x0000016b556691c0):  JavaThread "Unknown thread" [_thread_in_vm, id=22612, stack(0x000000394a700000,0x000000394a800000)]

Stack: [0x000000394a700000,0x000000394a800000]
Native frames: (J=compiled Java code, j=interpreted, Vv=VM code, C=native code)
V  [jvm.dll+0x6687ca]
V  [jvm.dll+0x7ca3c9]
V  [jvm.dll+0x7cbb53]
V  [jvm.dll+0x7cc1b3]
V  [jvm.dll+0x242ea5]
V  [jvm.dll+0x665589]
V  [jvm.dll+0x65a175]
V  [jvm.dll+0x2fc5ab]
V  [jvm.dll+0x3037a6]
V  [jvm.dll+0x352fee]
V  [jvm.dll+0x35321f]
V  [jvm.dll+0x2d3618]
V  [jvm.dll+0x2d4854]
V  [jvm.dll+0x79ccb1]
V  [jvm.dll+0x360de1]
V  [jvm.dll+0x77a990]
V  [jvm.dll+0x3e55af]
V  [jvm.dll+0x3e7081]
C  [jli.dll+0x52fb]
C  [ucrtbase.dll+0x26c0c]
C  [KERNEL32.DLL+0x154e0]
C  [ntdll.dll+0x485b]


---------------  P R O C E S S  ---------------

Threads class SMR info:
_java_thread_list=0x00007ff8f2fbcbb8, length=0, elements={
}

Java Threads: ( => current thread )

Other Threads:
  0x0000016b556aaa40 GCTaskThread "GC Thread#0" [stack: 0x000000394a800000,0x000000394a900000] [id=25140]
  0x0000016b556bcb90 ConcurrentGCThread "G1 Main Marker" [stack: 0x000000394a900000,0x000000394aa00000] [id=25012]
  0x0000016b556bdda0 ConcurrentGCThread "G1 Conc#0" [stack: 0x000000394aa00000,0x000000394ab00000] [id=25212]

[error occurred during error reporting (printing all threads), id 0xc0000005, EXCEPTION_ACCESS_VIOLATION (0xc0000005) at pc=0x00007ff8f27944d7]

VM state: not at safepoint (not fully initialized)

VM Mutex/Monitor currently owned by a thread:  ([mutex/lock_event])
[0x0000016b55664240] Heap_lock - owner thread: 0x0000016b556691c0

Heap address: 0x0000000081c00000, size: 2020 MB, Compressed Oops mode: 32-bit

CDS archive(s) mapped at: [0x0000000000000000-0x0000000000000000-0x0000000000000000), size 0, SharedBaseAddress: 0x0000000800000000, ArchiveRelocationMode: 0.
Narrow klass base: 0x0000000000000000, Narrow klass shift: 0, Narrow klass range: 0x0

GC Precious Log:
<Empty>

Heap:
 garbage-first heap   total 0K, used 0K [0x0000000081c00000, 0x0000000100000000)
  region size 1024K, 0 young (0K), 0 survivors (0K)

[error occurred during error reporting (printing heap information), id 0xc0000005, EXCEPTION_ACCESS_VIOLATION (0xc0000005) at pc=0x00007ff8f2b724ed]

GC Heap History (0 events):
No events

Deoptimization events (0 events):
No events

Classes unloaded (0 events):
No events

Classes redefined (0 events):
No events

Internal exceptions (0 events):
No events

Events (1 events):
Event: 0.004 Loaded shared library C:\Program Files\Java\jdk-16.0.1\bin\java.dll


Dynamic libraries:
0x00007ff6c3440000 - 0x00007ff6c3450000 	C:\Program Files\Java\jdk-16.0.1\bin\javaw.exe
0x00007ff94e6a0000 - 0x00007ff94e8a7000 	C:\WINDOWS\SYSTEM32\ntdll.dll
0x00007ff94d9e0000 - 0x00007ff94da9d000 	C:\WINDOWS\System32\KERNEL32.DLL
0x00007ff94bdd0000 - 0x00007ff94c144000 	C:\WINDOWS\System32\KERNELBASE.dll
0x00007ff94bcb0000 - 0x00007ff94bdc1000 	C:\WINDOWS\System32\ucrtbase.dll
0x00007ff8f3130000 - 0x00007ff8f3149000 	C:\Program Files\Java\jdk-16.0.1\bin\VCRUNTIME140.dll
0x00007ff8f3110000 - 0x00007ff8f3128000 	C:\Program Files\Java\jdk-16.0.1\bin\jli.dll
0x00007ff94db10000 - 0x00007ff94dbbe000 	C:\WINDOWS\System32\ADVAPI32.dll
0x00007ff94e5b0000 - 0x00007ff94e653000 	C:\WINDOWS\System32\msvcrt.dll
0x00007ff94de50000 - 0x00007ff94deee000 	C:\WINDOWS\System32\sechost.dll
0x00007ff94e240000 - 0x00007ff94e360000 	C:\WINDOWS\System32\RPCRT4.dll
0x00007ff94e020000 - 0x00007ff94e1cc000 	C:\WINDOWS\System32\USER32.dll
0x00007ff933040000 - 0x00007ff9332e5000 	C:\WINDOWS\WinSxS\amd64_microsoft.windows.common-controls_6595b64144ccf1df_6.0.22000.120_none_9d947278b86cc467\COMCTL32.dll
0x00007ff94c420000 - 0x00007ff94c446000 	C:\WINDOWS\System32\win32u.dll
0x00007ff94e460000 - 0x00007ff94e489000 	C:\WINDOWS\System32\GDI32.dll
0x00007ff94bb90000 - 0x00007ff94bca2000 	C:\WINDOWS\System32\gdi32full.dll
0x00007ff94c380000 - 0x00007ff94c41d000 	C:\WINDOWS\System32\msvcp_win.dll
0x00007ff940820000 - 0x00007ff94082a000 	C:\WINDOWS\SYSTEM32\VERSION.dll
0x00007ff94e420000 - 0x00007ff94e451000 	C:\WINDOWS\System32\IMM32.DLL
0x00007ff8f3100000 - 0x00007ff8f310c000 	C:\Program Files\Java\jdk-16.0.1\bin\vcruntime140_1.dll
0x00007ff8f3060000 - 0x00007ff8f30f1000 	C:\Program Files\Java\jdk-16.0.1\bin\msvcp140.dll
0x00007ff8f24b0000 - 0x00007ff8f305b000 	C:\Program Files\Java\jdk-16.0.1\bin\server\jvm.dll
0x00007ff94cc20000 - 0x00007ff94cc28000 	C:\WINDOWS\System32\PSAPI.DLL
0x00007ff8f24a0000 - 0x00007ff8f24a9000 	C:\WINDOWS\SYSTEM32\WSOCK32.dll
0x00007ff944410000 - 0x00007ff944443000 	C:\WINDOWS\SYSTEM32\WINMM.dll
0x00007ff94e1d0000 - 0x00007ff94e23f000 	C:\WINDOWS\System32\WS2_32.dll
0x00007ff94ac90000 - 0x00007ff94aca8000 	C:\WINDOWS\SYSTEM32\kernel.appcore.dll
0x00007ff8f2490000 - 0x00007ff8f249a000 	C:\Program Files\Java\jdk-16.0.1\bin\jimage.dll
0x00007ff949320000 - 0x00007ff949541000 	C:\WINDOWS\SYSTEM32\DBGHELP.DLL
0x00007ff935860000 - 0x00007ff935891000 	C:\WINDOWS\SYSTEM32\dbgcore.DLL
0x00007ff94c4c0000 - 0x00007ff94c53f000 	C:\WINDOWS\System32\bcryptPrimitives.dll
0x00007ff8f2460000 - 0x00007ff8f2485000 	C:\Program Files\Java\jdk-16.0.1\bin\java.dll

dbghelp: loaded successfully - version: 4.0.5 - missing functions: none
symbol engine: initialized successfully - sym options: 0x614 - pdb path: .;C:\Program Files\Java\jdk-16.0.1\bin;C:\WINDOWS\SYSTEM32;C:\WINDOWS\WinSxS\amd64_microsoft.windows.common-controls_6595b64144ccf1df_6.0.22000.120_none_9d947278b86cc467;C:\Program Files\Java\jdk-16.0.1\bin\server

VM Arguments:
jvm_args: -Dfile.encoding=Cp1252 -XX:+ShowCodeDetailsInExceptionMessages 
java_command: house.House
java_class_path (initial): C:\Users\Ayush Jaiswal\eclipse-workspace\Village Management System\bin;C:\Users\Ayush Jaiswal\Downloads\mysql-connector-java-8.0.27\mysql-connector-java-8.0.27.jar;C:\Users\Ayush Jaiswal\Downloads\jdatepicker-1.3.4.jar;C:\Users\Ayush Jaiswal\Downloads\rs2xml\rs2xml\rs2xml.jar
Launcher Type: SUN_STANDARD

[Global flags]
     intx CICompilerCount                          = 4                                         {product} {ergonomic}
     uint ConcGCThreads                            = 2                                         {product} {ergonomic}
     uint G1ConcRefinementThreads                  = 8                                         {product} {ergonomic}
   size_t G1HeapRegionSize                         = 1048576                                   {product} {ergonomic}
    uintx GCDrainStackTargetSize                   = 64                                        {product} {ergonomic}
   size_t InitialHeapSize                          = 134217728                                 {product} {ergonomic}
   size_t MarkStackSize                            = 4194304                                   {product} {ergonomic}
   size_t MaxHeapSize                              = 2118123520                                {product} {ergonomic}
   size_t MinHeapDeltaBytes                        = 1048576                                   {product} {ergonomic}
   size_t MinHeapSize                              = 8388608                                   {product} {ergonomic}
    uintx NonNMethodCodeHeapSize                   = 5839372                                {pd product} {ergonomic}
    uintx NonProfiledCodeHeapSize                  = 122909434                              {pd product} {ergonomic}
    uintx ProfiledCodeHeapSize                     = 122909434                              {pd product} {ergonomic}
    uintx ReservedCodeCacheSize                    = 251658240                              {pd product} {ergonomic}
     bool SegmentedCodeCache                       = true                                      {product} {ergonomic}
     bool ShowCodeDetailsInExceptionMessages       = true                                   {manageable} {command line}
   size_t SoftMaxHeapSize                          = 2118123520                             {manageable} {ergonomic}
     bool UseCompressedClassPointers               = true                           {product lp64_product} {ergonomic}
     bool UseCompressedOops                        = true                           {product lp64_product} {ergonomic}
     bool UseG1GC                                  = true                                      {product} {ergonomic}
     bool UseLargePagesIndividualAllocation        = false                                  {pd product} {ergonomic}

Logging:
Log output configuration:
 #0: stdout all=warning uptime,level,tags
 #1: stderr all=off uptime,level,tags

Environment Variables:
JAVA_HOME=C:\Program Files\Java\jdk-16.0.1
CLASSPATH=C:\Program Files\Java\jdk-16.0.1\lib\sqlite-jdbc-3.14.2.jar
PATH=C:\Users\Ayush Jaiswal\New folder (2)\Scripts\;C:\Users\Ayush Jaiswal\New folder (2)\;C:\Program Files\Common Files\Oracle\Java\javapath;C:\WINDOWS\system32;C:\WINDOWS;C:\WINDOWS\System32\Wbem;C:\WINDOWS\System32\WindowsPowerShell\v1.0\;C:\WINDOWS\System32\OpenSSH\;C:\cygwin64\bin;C:\Program Files\Java\jdk-16.0.1\bin;C:\Program Files\CodeBlocks\MinGW\bin;C:\Program Files\Git\cmd;C:\Program Files\MySQL\MySQL Shell 8.0\bin\;C:\Users\Ayush Jaiswal\AppData\Local\Microsoft\WindowsApps;C:\Modeltech_pe_edu_10.4a\win32pe_edu;C:\Program Files (x86)\mingw-w64\i686-8.1.0-posix-dwarf-rt_v6-rev0\mingw32\bin;C:\Users\Ayush Jaiswal\AppData\Local\Programs\Microsoft VS Code\bin;
USERNAME=Ayush Jaiswal
OS=Windows_NT
PROCESSOR_IDENTIFIER=Intel64 Family 6 Model 142 Stepping 12, GenuineIntel



---------------  S Y S T E M  ---------------

OS:
 Windows 10 , 64 bit Build 22000 (10.0.22000.434)
OS uptime: 0 days 1:42 hours

CPU: total 8 (initial active 8) (4 cores per cpu, 2 threads per core) family 6 model 142 stepping 12 microcode 0xde, cx8, cmov, fxsr, ht, mmx, 3dnowpref, sse, sse2, sse3, ssse3, sse4.1, sse4.2, popcnt, lzcnt, tsc, tscinvbit, avx, avx2, aes, erms, clmul, bmi1, bmi2, adx, fma, vzeroupper, clflush, clflushopt

Memory: 4k page, system-wide physical 8078M (285M free)
TotalPageFile size 32654M (AvailPageFile size 37M)
current process WorkingSet (physical memory assigned to process): 10M, peak: 10M
current process commit charge ("private bytes"): 60M, peak: 188M

vm_info: Java HotSpot(TM) 64-Bit Server VM (16.0.1+9-24) for windows-amd64 JRE (16.0.1+9-24), built on Mar 26 2021 19:31:42 by "mach5one" with MS VC++ 16.7 (VS2019)

END.
