#
# There is insufficient memory for the Java Runtime Environment to continue.
# Native memory allocation (malloc) failed to allocate 1048576 bytes for AllocateHeap
# Possible reasons:
#   The system is out of physical RAM or swap space
#   The process is running with CompressedOops enabled, and the Java Heap may be blocking the growth of the native heap
# Possible solutions:
#   Reduce memory load on the system
#   Increase physical memory or swap space
#   Check if swap backing store is full
#   Decrease Java heap size (-Xmx/-Xms)
#   Decrease number of Java threads
#   Decrease Java thread stack sizes (-Xss)
#   Set larger code cache with -XX:ReservedCodeCacheSize=
#   JVM is running with Unscaled Compressed Oops mode in which the Java heap is
#     placed in the first 4GB address space. The Java Heap base address is the
#     maximum limit for the native heap growth. Please use -XX:HeapBaseMinAddress
#     to set the Java Heap base and to place the Java Heap above 4GB virtual address.
# This output file may be truncated or incomplete.
#
#  Out of Memory Error (allocation.cpp:44), pid=27380, tid=27440
#
# JRE version:  (16.0.1+9) (build )
# Java VM: Java HotSpot(TM) 64-Bit Server VM (16.0.1+9-24, mixed mode, sharing, tiered, compressed oops, compressed class ptrs, g1 gc, windows-amd64)
# No core dump will be written. Minidumps are not enabled by default on client versions of Windows
#

---------------  S U M M A R Y ------------

Command Line: -Dfile.encoding=Cp1252 -XX:+ShowCodeDetailsInExceptionMessages firstpage.firstpage

Host: Intel(R) Core(TM) i5-8265U CPU @ 1.60GHz, 8 cores, 7G,  Windows 10 , 64 bit Build 22000 (10.0.22000.434)
Time: Fri Feb  4 13:07:51 2022 India Standard Time elapsed time: 0.036574 seconds (0d 0h 0m 0s)

---------------  T H R E A D  ---------------

Current thread (0x0000022efdd8a850):  JavaThread "Unknown thread" [_thread_in_vm, id=27440, stack(0x000000d5df600000,0x000000d5df700000)]

Stack: [0x000000d5df600000,0x000000d5df700000]
Native frames: (J=compiled Java code, j=interpreted, Vv=VM code, C=native code)
V  [jvm.dll+0x6687ca]
V  [jvm.dll+0x7ca3c9]
V  [jvm.dll+0x7cbb53]
V  [jvm.dll+0x7cc1b3]
V  [jvm.dll+0x242ea5]
V  [jvm.dll+0xa8742]
V  [jvm.dll+0x2dccc4]
V  [jvm.dll+0x2d482b]
V  [jvm.dll+0x79ccb1]
V  [jvm.dll+0x360de1]
V  [jvm.dll+0x77a990]
V  [jvm.dll+0x3e55af]
V  [jvm.dll+0x3e7081]
C  [jli.dll+0x52fb]
C  [ucrtbase.dll+0x26c0c]
C  [KERNEL32.DLL+0x154e0]
C  [ntdll.dll+0x485b]


---------------  P R O C E S S  ---------------

Threads class SMR info:
_java_thread_list=0x00007ffadb81cbb8, length=0, elements={
}

Java Threads: ( => current thread )

Other Threads:
  0x0000022efddcd160 GCTaskThread "GC Thread#0" [stack: 0x000000d5df700000,0x000000d5df800000] [id=27444]

[error occurred during error reporting (printing all threads), id 0xc0000005, EXCEPTION_ACCESS_VIOLATION (0xc0000005) at pc=0x00007ffadaff19b0]

VM state: not at safepoint (not fully initialized)

VM Mutex/Monitor currently owned by a thread:  ([mutex/lock_event])
[0x0000022efdd86e30] Heap_lock - owner thread: 0x0000022efdd8a850

Heap address: 0x0000000081c00000, size: 2020 MB, Compressed Oops mode: 32-bit

CDS archive(s) mapped at: [0x0000000000000000-0x0000000000000000-0x0000000000000000), size 0, SharedBaseAddress: 0x0000000800000000, ArchiveRelocationMode: 0.
Narrow klass base: 0x0000000000000000, Narrow klass shift: 0, Narrow klass range: 0x0

GC Precious Log:
<Empty>

Heap:
 garbage-first heap   total 0K, used 0K [0x0000000081c00000, 0x0000000100000000)
  region size 1024K, 0 young (0K), 0 survivors (0K)

[error occurred during error reporting (printing heap information), id 0xc0000005, EXCEPTION_ACCESS_VIOLATION (0xc0000005) at pc=0x00007ffadb3d24ed]

GC Heap History (0 events):
No events

Deoptimization events (0 events):
No events

Classes unloaded (0 events):
No events

Classes redefined (0 events):
No events

Internal exceptions (0 events):
No events

Events (1 events):
Event: 0.005 Loaded shared library C:\Program Files\Java\jdk-16.0.1\bin\java.dll


Dynamic libraries:
0x00007ff731c60000 - 0x00007ff731c70000 	C:\Program Files\Java\jdk-16.0.1\bin\javaw.exe
0x00007ffb220e0000 - 0x00007ffb222e7000 	C:\WINDOWS\SYSTEM32\ntdll.dll
0x00007ffb21330000 - 0x00007ffb213ed000 	C:\WINDOWS\System32\KERNEL32.DLL
0x00007ffb1fbd0000 - 0x00007ffb1ff44000 	C:\WINDOWS\System32\KERNELBASE.dll
0x00007ffb1f7e0000 - 0x00007ffb1f8f1000 	C:\WINDOWS\System32\ucrtbase.dll
0x00007ffb02000000 - 0x00007ffb02019000 	C:\Program Files\Java\jdk-16.0.1\bin\VCRUNTIME140.dll
0x00007ffb05b30000 - 0x00007ffb05b48000 	C:\Program Files\Java\jdk-16.0.1\bin\jli.dll
0x00007ffb20070000 - 0x00007ffb2011e000 	C:\WINDOWS\System32\ADVAPI32.dll
0x00007ffb20df0000 - 0x00007ffb20e93000 	C:\WINDOWS\System32\msvcrt.dll
0x00007ffb21290000 - 0x00007ffb2132e000 	C:\WINDOWS\System32\sechost.dll
0x00007ffb21110000 - 0x00007ffb21230000 	C:\WINDOWS\System32\RPCRT4.dll
0x00007ffb20820000 - 0x00007ffb209cc000 	C:\WINDOWS\System32\USER32.dll
0x00007ffb04d10000 - 0x00007ffb04fb5000 	C:\WINDOWS\WinSxS\amd64_microsoft.windows.common-controls_6595b64144ccf1df_6.0.22000.120_none_9d947278b86cc467\COMCTL32.dll
0x00007ffb1ff50000 - 0x00007ffb1ff76000 	C:\WINDOWS\System32\win32u.dll
0x00007ffb20670000 - 0x00007ffb20699000 	C:\WINDOWS\System32\GDI32.dll
0x00007ffb1f6c0000 - 0x00007ffb1f7d2000 	C:\WINDOWS\System32\gdi32full.dll
0x00007ffb1fb30000 - 0x00007ffb1fbcd000 	C:\WINDOWS\System32\msvcp_win.dll
0x00007ffb16630000 - 0x00007ffb1663a000 	C:\WINDOWS\SYSTEM32\VERSION.dll
0x00007ffb20ea0000 - 0x00007ffb20ed1000 	C:\WINDOWS\System32\IMM32.DLL
0x00007ffb17990000 - 0x00007ffb1799c000 	C:\Program Files\Java\jdk-16.0.1\bin\vcruntime140_1.dll
0x00007ffafc680000 - 0x00007ffafc711000 	C:\Program Files\Java\jdk-16.0.1\bin\msvcp140.dll
0x00007ffadad10000 - 0x00007ffadb8bb000 	C:\Program Files\Java\jdk-16.0.1\bin\server\jvm.dll
0x00007ffb203d0000 - 0x00007ffb203d8000 	C:\WINDOWS\System32\PSAPI.DLL
0x00007ffb16880000 - 0x00007ffb168b3000 	C:\WINDOWS\SYSTEM32\WINMM.dll
0x00007ffb157a0000 - 0x00007ffb157a9000 	C:\WINDOWS\SYSTEM32\WSOCK32.dll
0x00007ffb210a0000 - 0x00007ffb2110f000 	C:\WINDOWS\System32\WS2_32.dll
0x00007ffb1e6d0000 - 0x00007ffb1e6e8000 	C:\WINDOWS\SYSTEM32\kernel.appcore.dll
0x00007ffb15210000 - 0x00007ffb1521a000 	C:\Program Files\Java\jdk-16.0.1\bin\jimage.dll
0x00007ffb1d410000 - 0x00007ffb1d631000 	C:\WINDOWS\SYSTEM32\DBGHELP.DLL
0x00007ffb06140000 - 0x00007ffb06171000 	C:\WINDOWS\SYSTEM32\dbgcore.DLL
0x00007ffb1f5d0000 - 0x00007ffb1f64f000 	C:\WINDOWS\System32\bcryptPrimitives.dll
0x00007ffb01d30000 - 0x00007ffb01d55000 	C:\Program Files\Java\jdk-16.0.1\bin\java.dll

dbghelp: loaded successfully - version: 4.0.5 - missing functions: none
symbol engine: initialized successfully - sym options: 0x614 - pdb path: .;C:\Program Files\Java\jdk-16.0.1\bin;C:\WINDOWS\SYSTEM32;C:\WINDOWS\WinSxS\amd64_microsoft.windows.common-controls_6595b64144ccf1df_6.0.22000.120_none_9d947278b86cc467;C:\Program Files\Java\jdk-16.0.1\bin\server

VM Arguments:
jvm_args: -Dfile.encoding=Cp1252 -XX:+ShowCodeDetailsInExceptionMessages 
java_command: firstpage.firstpage
java_class_path (initial): C:\Users\Ayush Jaiswal\eclipse-workspace\Village Management System\bin;C:\Users\Ayush Jaiswal\Downloads\mysql-connector-java-8.0.27\mysql-connector-java-8.0.27.jar;C:\Users\Ayush Jaiswal\Downloads\jdatepicker-1.3.4.jar;C:\Users\Ayush Jaiswal\Downloads\rs2xml\rs2xml\rs2xml.jar
Launcher Type: SUN_STANDARD

[Global flags]
     intx CICompilerCount                          = 4                                         {product} {ergonomic}
     uint ConcGCThreads                            = 2                                         {product} {ergonomic}
     uint G1ConcRefinementThreads                  = 8                                         {product} {ergonomic}
   size_t G1HeapRegionSize                         = 1048576                                   {product} {ergonomic}
    uintx GCDrainStackTargetSize                   = 64                                        {product} {ergonomic}
   size_t InitialHeapSize                          = 134217728                                 {product} {ergonomic}
   size_t MarkStackSize                            = 4194304                                   {product} {ergonomic}
   size_t MaxHeapSize                              = 2118123520                                {product} {ergonomic}
   size_t MinHeapDeltaBytes                        = 1048576                                   {product} {ergonomic}
   size_t MinHeapSize                              = 8388608                                   {product} {ergonomic}
    uintx NonNMethodCodeHeapSize                   = 5839372                                {pd product} {ergonomic}
    uintx NonProfiledCodeHeapSize                  = 122909434                              {pd product} {ergonomic}
    uintx ProfiledCodeHeapSize                     = 122909434                              {pd product} {ergonomic}
    uintx ReservedCodeCacheSize                    = 251658240                              {pd product} {ergonomic}
     bool SegmentedCodeCache                       = true                                      {product} {ergonomic}
     bool ShowCodeDetailsInExceptionMessages       = true                                   {manageable} {command line}
   size_t SoftMaxHeapSize                          = 2118123520                             {manageable} {ergonomic}
     bool UseCompressedClassPointers               = true                           {product lp64_product} {ergonomic}
     bool UseCompressedOops                        = true                           {product lp64_product} {ergonomic}
     bool UseG1GC                                  = true                                      {product} {ergonomic}
     bool UseLargePagesIndividualAllocation        = false                                  {pd product} {ergonomic}

Logging:
Log output configuration:
 #0: stdout all=warning uptime,level,tags
 #1: stderr all=off uptime,level,tags

Environment Variables:
JAVA_HOME=C:\Program Files\Java\jdk-16.0.1
CLASSPATH=C:\Program Files\Java\jdk-16.0.1\lib\sqlite-jdbc-3.14.2.jar
PATH=C:\Users\Ayush Jaiswal\New folder (2)\Scripts\;C:\Users\Ayush Jaiswal\New folder (2)\;C:\Program Files\Common Files\Oracle\Java\javapath;C:\WINDOWS\system32;C:\WINDOWS;C:\WINDOWS\System32\Wbem;C:\WINDOWS\System32\WindowsPowerShell\v1.0\;C:\WINDOWS\System32\OpenSSH\;C:\cygwin64\bin;C:\Program Files\Java\jdk-16.0.1\bin;C:\Program Files\CodeBlocks\MinGW\bin;C:\Program Files\Git\cmd;C:\Program Files\MySQL\MySQL Shell 8.0\bin\;C:\Users\Ayush Jaiswal\AppData\Local\Microsoft\WindowsApps;C:\Modeltech_pe_edu_10.4a\win32pe_edu;C:\Program Files (x86)\mingw-w64\i686-8.1.0-posix-dwarf-rt_v6-rev0\mingw32\bin;C:\Users\Ayush Jaiswal\AppData\Local\Programs\Microsoft VS Code\bin;
USERNAME=Ayush Jaiswal
OS=Windows_NT
PROCESSOR_IDENTIFIER=Intel64 Family 6 Model 142 Stepping 12, GenuineIntel



---------------  S Y S T E M  ---------------

OS:
 Windows 10 , 64 bit Build 22000 (10.0.22000.434)
OS uptime: 0 days 9:44 hours

CPU: total 8 (initial active 8) (4 cores per cpu, 2 threads per core) family 6 model 142 stepping 12 microcode 0xde, cx8, cmov, fxsr, ht, mmx, 3dnowpref, sse, sse2, sse3, ssse3, sse4.1, sse4.2, popcnt, lzcnt, tsc, tscinvbit, avx, avx2, aes, erms, clmul, bmi1, bmi2, adx, fma, vzeroupper, clflush, clflushopt

Memory: 4k page, system-wide physical 8078M (240M free)
TotalPageFile size 32654M (AvailPageFile size 5M)
current process WorkingSet (physical memory assigned to process): 10M, peak: 10M
current process commit charge ("private bytes"): 58M, peak: 59M

vm_info: Java HotSpot(TM) 64-Bit Server VM (16.0.1+9-24) for windows-amd64 JRE (16.0.1+9-24), built on Mar 26 2021 19:31:42 by "mach5one" with MS VC++ 16.7 (VS2019)

END.
