#
# There is insufficient memory for the Java Runtime Environment to continue.
# Native memory allocation (malloc) failed to allocate 61152 bytes for Chunk::new
# Possible reasons:
#   The system is out of physical RAM or swap space
#   The process is running with CompressedOops enabled, and the Java Heap may be blocking the growth of the native heap
# Possible solutions:
#   Reduce memory load on the system
#   Increase physical memory or swap space
#   Check if swap backing store is full
#   Decrease Java heap size (-Xmx/-Xms)
#   Decrease number of Java threads
#   Decrease Java thread stack sizes (-Xss)
#   Set larger code cache with -XX:ReservedCodeCacheSize=
#   JVM is running with Unscaled Compressed Oops mode in which the Java heap is
#     placed in the first 4GB address space. The Java Heap base address is the
#     maximum limit for the native heap growth. Please use -XX:HeapBaseMinAddress
#     to set the Java Heap base and to place the Java Heap above 4GB virtual address.
# This output file may be truncated or incomplete.
#
#  Out of Memory Error (arena.cpp:195), pid=25576, tid=25932
#
# JRE version: Java(TM) SE Runtime Environment (16.0.1+9) (build 16.0.1+9-24)
# Java VM: Java HotSpot(TM) 64-Bit Server VM (16.0.1+9-24, mixed mode, sharing, tiered, compressed oops, compressed class ptrs, g1 gc, windows-amd64)
# No core dump will be written. Minidumps are not enabled by default on client versions of Windows
#

---------------  S U M M A R Y ------------

Command Line: -Dfile.encoding=Cp1252 -XX:+ShowCodeDetailsInExceptionMessages school.School

Host: Intel(R) Core(TM) i5-8265U CPU @ 1.60GHz, 8 cores, 7G,  Windows 10 , 64 bit Build 22000 (10.0.22000.434)
Time: Thu Feb  3 12:35:20 2022 India Standard Time elapsed time: 0.508634 seconds (0d 0h 0m 0s)

---------------  T H R E A D  ---------------

Current thread (0x000002465705c0f0):  JavaThread "main" [_thread_in_vm, id=25932, stack(0x000000a25f100000,0x000000a25f200000)]

Stack: [0x000000a25f100000,0x000000a25f200000]
Native frames: (J=compiled Java code, j=interpreted, Vv=VM code, C=native code)
V  [jvm.dll+0x6687ca]
V  [jvm.dll+0x7ca3c9]
V  [jvm.dll+0x7cbb53]
V  [jvm.dll+0x7cc1b3]
V  [jvm.dll+0x242ea5]
V  [jvm.dll+0xadeca]
V  [jvm.dll+0xae5ac]
V  [jvm.dll+0x1f20af]
V  [jvm.dll+0x1f0ea3]
V  [jvm.dll+0x741e03]
V  [jvm.dll+0x7436a8]
V  [jvm.dll+0x7439d3]
V  [jvm.dll+0x23ad74]
V  [jvm.dll+0x377ac1]
C  0x000002465e7efa43

Java frames: (J=compiled Java code, j=interpreted, Vv=VM code)
j  sun.java2d.loops.GraphicsPrimitiveMgr.<clinit>()V+10 java.desktop@16.0.1
v  ~StubRoutines::call_stub
j  sun.java2d.loops.Blit.<clinit>()V+36 java.desktop@16.0.1
v  ~StubRoutines::call_stub
j  sun.java2d.windows.GDIWindowSurfaceData.<clinit>()V+72 java.desktop@16.0.1
v  ~StubRoutines::call_stub
j  sun.awt.Win32GraphicsConfig.createSurfaceData(Lsun/awt/windows/WComponentPeer;I)Lsun/java2d/SurfaceData;+1 java.desktop@16.0.1
j  sun.java2d.ScreenUpdateManager.createScreenSurface(Lsun/awt/Win32GraphicsConfig;Lsun/awt/windows/WComponentPeer;IZ)Lsun/java2d/SurfaceData;+3 java.desktop@16.0.1
j  sun.java2d.d3d.D3DScreenUpdateManager.createScreenSurface(Lsun/awt/Win32GraphicsConfig;Lsun/awt/windows/WComponentPeer;IZ)Lsun/java2d/SurfaceData;+20 java.desktop@16.0.1
j  sun.awt.windows.WComponentPeer.createScreenSurface(Z)V+21 java.desktop@16.0.1
j  sun.awt.windows.WComponentPeer.<init>(Ljava/awt/Component;)V+79 java.desktop@16.0.1
j  sun.awt.windows.WCanvasPeer.<init>(Ljava/awt/Component;)V+2 java.desktop@16.0.1
j  sun.awt.windows.WPanelPeer.<init>(Ljava/awt/Component;)V+2 java.desktop@16.0.1
j  sun.awt.windows.WWindowPeer.<init>(Ljava/awt/Window;)V+2 java.desktop@16.0.1
j  sun.awt.windows.WFramePeer.<init>(Ljava/awt/Frame;)V+2 java.desktop@16.0.1
j  sun.awt.windows.WToolkit.createFrame(Ljava/awt/Frame;)Ljava/awt/peer/FramePeer;+5 java.desktop@16.0.1
j  java.awt.Frame.addNotify()V+20 java.desktop@16.0.1
j  java.awt.Window.show()V+8 java.desktop@16.0.1
j  java.awt.Component.show(Z)V+5 java.desktop@16.0.1
j  java.awt.Component.setVisible(Z)V+2 java.desktop@16.0.1
j  java.awt.Window.setVisible(Z)V+2 java.desktop@16.0.1
j  school.School.main([Ljava/lang/String;)V+8
v  ~StubRoutines::call_stub

---------------  P R O C E S S  ---------------

Threads class SMR info:
_java_thread_list=0x0000024675f5a860, length=16, elements={
0x000002465705c0f0, 0x000002467500ed60, 0x00000246750100d0, 0x00000246750238b0,
0x00000246750241c0, 0x0000024675025880, 0x0000024675027670, 0x000002467502d2b0,
0x0000024675030070, 0x0000024675042de0, 0x0000024675ca6080, 0x0000024675ca45f0,
0x0000024675ca65d0, 0x0000024675ca6b20, 0x0000024675ca4b40, 0x0000024675ca7070
}

Java Threads: ( => current thread )
=>0x000002465705c0f0 JavaThread "main" [_thread_in_vm, id=25932, stack(0x000000a25f100000,0x000000a25f200000)]
  0x000002467500ed60 JavaThread "Reference Handler" daemon [_thread_blocked, id=25544, stack(0x000000a25f800000,0x000000a25f900000)]
  0x00000246750100d0 JavaThread "Finalizer" daemon [_thread_blocked, id=26508, stack(0x000000a25f900000,0x000000a25fa00000)]
  0x00000246750238b0 JavaThread "Signal Dispatcher" daemon [_thread_blocked, id=21528, stack(0x000000a25fa00000,0x000000a25fb00000)]
  0x00000246750241c0 JavaThread "Attach Listener" daemon [_thread_blocked, id=5972, stack(0x000000a25fb00000,0x000000a25fc00000)]
  0x0000024675025880 JavaThread "Service Thread" daemon [_thread_blocked, id=23448, stack(0x000000a25fc00000,0x000000a25fd00000)]
  0x0000024675027670 JavaThread "Monitor Deflation Thread" daemon [_thread_blocked, id=4580, stack(0x000000a25fd00000,0x000000a25fe00000)]
  0x000002467502d2b0 JavaThread "C2 CompilerThread0" daemon [_thread_blocked, id=25836, stack(0x000000a25fe00000,0x000000a25ff00000)]
  0x0000024675030070 JavaThread "C1 CompilerThread0" daemon [_thread_blocked, id=25912, stack(0x000000a25ff00000,0x000000a260000000)]
  0x0000024675042de0 JavaThread "Sweeper thread" daemon [_thread_blocked, id=26324, stack(0x000000a260000000,0x000000a260100000)]
  0x0000024675ca6080 JavaThread "Notification Thread" daemon [_thread_blocked, id=26328, stack(0x000000a260100000,0x000000a260200000)]
  0x0000024675ca45f0 JavaThread "Common-Cleaner" daemon [_thread_blocked, id=25212, stack(0x000000a260300000,0x000000a260400000)]
  0x0000024675ca65d0 JavaThread "Java2D Disposer" daemon [_thread_blocked, id=26176, stack(0x000000a260400000,0x000000a260500000)]
  0x0000024675ca6b20 JavaThread "AWT-Shutdown" [_thread_blocked, id=10376, stack(0x000000a260500000,0x000000a260600000)]
  0x0000024675ca4b40 JavaThread "AWT-Windows" daemon [_thread_in_native, id=23648, stack(0x000000a260600000,0x000000a260700000)]
  0x0000024675ca7070 JavaThread "AWT-EventQueue-0" [_thread_blocked, id=25844, stack(0x000000a260700000,0x000000a260800000)]

Other Threads:
  0x0000024675009ab0 VMThread "VM Thread" [stack: 0x000000a25f700000,0x000000a25f800000] [id=25944]
  0x0000024675cb1d70 WatcherThread [stack: 0x000000a260200000,0x000000a260300000] [id=26316]
  0x000002465709d9d0 GCTaskThread "GC Thread#0" [stack: 0x000000a25f200000,0x000000a25f300000] [id=24828]
  0x00000246570afcd0 ConcurrentGCThread "G1 Main Marker" [stack: 0x000000a25f300000,0x000000a25f400000] [id=9624]
  0x00000246570b0550 ConcurrentGCThread "G1 Conc#0" [stack: 0x000000a25f400000,0x000000a25f500000] [id=23948]
  0x00000246571386a0 ConcurrentGCThread "G1 Refine#0" [stack: 0x000000a25f500000,0x000000a25f600000] [id=24112]
  0x0000024657139f40 ConcurrentGCThread "G1 Service" [stack: 0x000000a25f600000,0x000000a25f700000] [id=26332]

Threads with active compile tasks:

VM state: not at safepoint (normal execution)

VM Mutex/Monitor currently owned by a thread: None

Heap address: 0x0000000081c00000, size: 2020 MB, Compressed Oops mode: 32-bit

CDS archive(s) mapped at: [0x0000000800000000-0x0000000800bb0000-0x0000000800bb0000), size 12255232, SharedBaseAddress: 0x0000000800000000, ArchiveRelocationMode: 0.
Compressed class space mapped at: 0x0000000800c00000-0x0000000840c00000, reserved size: 1073741824
Narrow klass base: 0x0000000800000000, Narrow klass shift: 3, Narrow klass range: 0x100000000

GC Precious Log:
 CPUs: 8 total, 8 available
 Memory: 8078M
 Large Page Support: Disabled
 NUMA Support: Disabled
 Compressed Oops: Enabled (32-bit)
 Heap Region Size: 1M
 Heap Min Capacity: 8M
 Heap Initial Capacity: 128M
 Heap Max Capacity: 2020M
 Pre-touch: Disabled
 Parallel Workers: 8
 Concurrent Workers: 2
 Concurrent Refinement Workers: 8
 Periodic GC: Disabled

Heap:
 garbage-first heap   total 131072K, used 4096K [0x0000000081c00000, 0x0000000100000000)
  region size 1024K, 5 young (5120K), 0 survivors (0K)
 Metaspace       used 4511K, committed 4672K, reserved 1056768K
  class space    used 486K, committed 576K, reserved 1048576K

Heap Regions: E=young(eden), S=young(survivor), O=old, HS=humongous(starts), HC=humongous(continues), CS=collection set, F=free, OA=open archive, CA=closed archive, TAMS=top-at-mark-start (previous, next)
|   0|0x0000000081c00000, 0x0000000081c00000, 0x0000000081d00000|  0%| F|  |TAMS 0x0000000081c00000, 0x0000000081c00000| Untracked 
|   1|0x0000000081d00000, 0x0000000081d00000, 0x0000000081e00000|  0%| F|  |TAMS 0x0000000081d00000, 0x0000000081d00000| Untracked 
|   2|0x0000000081e00000, 0x0000000081e00000, 0x0000000081f00000|  0%| F|  |TAMS 0x0000000081e00000, 0x0000000081e00000| Untracked 
|   3|0x0000000081f00000, 0x0000000081f00000, 0x0000000082000000|  0%| F|  |TAMS 0x0000000081f00000, 0x0000000081f00000| Untracked 
|   4|0x0000000082000000, 0x0000000082000000, 0x0000000082100000|  0%| F|  |TAMS 0x0000000082000000, 0x0000000082000000| Untracked 
|   5|0x0000000082100000, 0x0000000082100000, 0x0000000082200000|  0%| F|  |TAMS 0x0000000082100000, 0x0000000082100000| Untracked 
|   6|0x0000000082200000, 0x0000000082200000, 0x0000000082300000|  0%| F|  |TAMS 0x0000000082200000, 0x0000000082200000| Untracked 
|   7|0x0000000082300000, 0x0000000082300000, 0x0000000082400000|  0%| F|  |TAMS 0x0000000082300000, 0x0000000082300000| Untracked 
|   8|0x0000000082400000, 0x0000000082400000, 0x0000000082500000|  0%| F|  |TAMS 0x0000000082400000, 0x0000000082400000| Untracked 
|   9|0x0000000082500000, 0x0000000082500000, 0x0000000082600000|  0%| F|  |TAMS 0x0000000082500000, 0x0000000082500000| Untracked 
|  10|0x0000000082600000, 0x0000000082600000, 0x0000000082700000|  0%| F|  |TAMS 0x0000000082600000, 0x0000000082600000| Untracked 
|  11|0x0000000082700000, 0x0000000082700000, 0x0000000082800000|  0%| F|  |TAMS 0x0000000082700000, 0x0000000082700000| Untracked 
|  12|0x0000000082800000, 0x0000000082800000, 0x0000000082900000|  0%| F|  |TAMS 0x0000000082800000, 0x0000000082800000| Untracked 
|  13|0x0000000082900000, 0x0000000082900000, 0x0000000082a00000|  0%| F|  |TAMS 0x0000000082900000, 0x0000000082900000| Untracked 
|  14|0x0000000082a00000, 0x0000000082a00000, 0x0000000082b00000|  0%| F|  |TAMS 0x0000000082a00000, 0x0000000082a00000| Untracked 
|  15|0x0000000082b00000, 0x0000000082b00000, 0x0000000082c00000|  0%| F|  |TAMS 0x0000000082b00000, 0x0000000082b00000| Untracked 
|  16|0x0000000082c00000, 0x0000000082c00000, 0x0000000082d00000|  0%| F|  |TAMS 0x0000000082c00000, 0x0000000082c00000| Untracked 
|  17|0x0000000082d00000, 0x0000000082d00000, 0x0000000082e00000|  0%| F|  |TAMS 0x0000000082d00000, 0x0000000082d00000| Untracked 
|  18|0x0000000082e00000, 0x0000000082e00000, 0x0000000082f00000|  0%| F|  |TAMS 0x0000000082e00000, 0x0000000082e00000| Untracked 
|  19|0x0000000082f00000, 0x0000000082f00000, 0x0000000083000000|  0%| F|  |TAMS 0x0000000082f00000, 0x0000000082f00000| Untracked 
|  20|0x0000000083000000, 0x0000000083000000, 0x0000000083100000|  0%| F|  |TAMS 0x0000000083000000, 0x0000000083000000| Untracked 
|  21|0x0000000083100000, 0x0000000083100000, 0x0000000083200000|  0%| F|  |TAMS 0x0000000083100000, 0x0000000083100000| Untracked 
|  22|0x0000000083200000, 0x0000000083200000, 0x0000000083300000|  0%| F|  |TAMS 0x0000000083200000, 0x0000000083200000| Untracked 
|  23|0x0000000083300000, 0x0000000083300000, 0x0000000083400000|  0%| F|  |TAMS 0x0000000083300000, 0x0000000083300000| Untracked 
|  24|0x0000000083400000, 0x0000000083400000, 0x0000000083500000|  0%| F|  |TAMS 0x0000000083400000, 0x0000000083400000| Untracked 
|  25|0x0000000083500000, 0x0000000083500000, 0x0000000083600000|  0%| F|  |TAMS 0x0000000083500000, 0x0000000083500000| Untracked 
|  26|0x0000000083600000, 0x0000000083600000, 0x0000000083700000|  0%| F|  |TAMS 0x0000000083600000, 0x0000000083600000| Untracked 
|  27|0x0000000083700000, 0x0000000083700000, 0x0000000083800000|  0%| F|  |TAMS 0x0000000083700000, 0x0000000083700000| Untracked 
|  28|0x0000000083800000, 0x0000000083800000, 0x0000000083900000|  0%| F|  |TAMS 0x0000000083800000, 0x0000000083800000| Untracked 
|  29|0x0000000083900000, 0x0000000083900000, 0x0000000083a00000|  0%| F|  |TAMS 0x0000000083900000, 0x0000000083900000| Untracked 
|  30|0x0000000083a00000, 0x0000000083a00000, 0x0000000083b00000|  0%| F|  |TAMS 0x0000000083a00000, 0x0000000083a00000| Untracked 
|  31|0x0000000083b00000, 0x0000000083b00000, 0x0000000083c00000|  0%| F|  |TAMS 0x0000000083b00000, 0x0000000083b00000| Untracked 
|  32|0x0000000083c00000, 0x0000000083c00000, 0x0000000083d00000|  0%| F|  |TAMS 0x0000000083c00000, 0x0000000083c00000| Untracked 
|  33|0x0000000083d00000, 0x0000000083d00000, 0x0000000083e00000|  0%| F|  |TAMS 0x0000000083d00000, 0x0000000083d00000| Untracked 
|  34|0x0000000083e00000, 0x0000000083e00000, 0x0000000083f00000|  0%| F|  |TAMS 0x0000000083e00000, 0x0000000083e00000| Untracked 
|  35|0x0000000083f00000, 0x0000000083f00000, 0x0000000084000000|  0%| F|  |TAMS 0x0000000083f00000, 0x0000000083f00000| Untracked 
|  36|0x0000000084000000, 0x0000000084000000, 0x0000000084100000|  0%| F|  |TAMS 0x0000000084000000, 0x0000000084000000| Untracked 
|  37|0x0000000084100000, 0x0000000084100000, 0x0000000084200000|  0%| F|  |TAMS 0x0000000084100000, 0x0000000084100000| Untracked 
|  38|0x0000000084200000, 0x0000000084200000, 0x0000000084300000|  0%| F|  |TAMS 0x0000000084200000, 0x0000000084200000| Untracked 
|  39|0x0000000084300000, 0x0000000084300000, 0x0000000084400000|  0%| F|  |TAMS 0x0000000084300000, 0x0000000084300000| Untracked 
|  40|0x0000000084400000, 0x0000000084400000, 0x0000000084500000|  0%| F|  |TAMS 0x0000000084400000, 0x0000000084400000| Untracked 
|  41|0x0000000084500000, 0x0000000084500000, 0x0000000084600000|  0%| F|  |TAMS 0x0000000084500000, 0x0000000084500000| Untracked 
|  42|0x0000000084600000, 0x0000000084600000, 0x0000000084700000|  0%| F|  |TAMS 0x0000000084600000, 0x0000000084600000| Untracked 
|  43|0x0000000084700000, 0x0000000084700000, 0x0000000084800000|  0%| F|  |TAMS 0x0000000084700000, 0x0000000084700000| Untracked 
|  44|0x0000000084800000, 0x0000000084800000, 0x0000000084900000|  0%| F|  |TAMS 0x0000000084800000, 0x0000000084800000| Untracked 
|  45|0x0000000084900000, 0x0000000084900000, 0x0000000084a00000|  0%| F|  |TAMS 0x0000000084900000, 0x0000000084900000| Untracked 
|  46|0x0000000084a00000, 0x0000000084a00000, 0x0000000084b00000|  0%| F|  |TAMS 0x0000000084a00000, 0x0000000084a00000| Untracked 
|  47|0x0000000084b00000, 0x0000000084b00000, 0x0000000084c00000|  0%| F|  |TAMS 0x0000000084b00000, 0x0000000084b00000| Untracked 
|  48|0x0000000084c00000, 0x0000000084c00000, 0x0000000084d00000|  0%| F|  |TAMS 0x0000000084c00000, 0x0000000084c00000| Untracked 
|  49|0x0000000084d00000, 0x0000000084d00000, 0x0000000084e00000|  0%| F|  |TAMS 0x0000000084d00000, 0x0000000084d00000| Untracked 
|  50|0x0000000084e00000, 0x0000000084e00000, 0x0000000084f00000|  0%| F|  |TAMS 0x0000000084e00000, 0x0000000084e00000| Untracked 
|  51|0x0000000084f00000, 0x0000000084f00000, 0x0000000085000000|  0%| F|  |TAMS 0x0000000084f00000, 0x0000000084f00000| Untracked 
|  52|0x0000000085000000, 0x0000000085000000, 0x0000000085100000|  0%| F|  |TAMS 0x0000000085000000, 0x0000000085000000| Untracked 
|  53|0x0000000085100000, 0x0000000085100000, 0x0000000085200000|  0%| F|  |TAMS 0x0000000085100000, 0x0000000085100000| Untracked 
|  54|0x0000000085200000, 0x0000000085200000, 0x0000000085300000|  0%| F|  |TAMS 0x0000000085200000, 0x0000000085200000| Untracked 
|  55|0x0000000085300000, 0x0000000085300000, 0x0000000085400000|  0%| F|  |TAMS 0x0000000085300000, 0x0000000085300000| Untracked 
|  56|0x0000000085400000, 0x0000000085400000, 0x0000000085500000|  0%| F|  |TAMS 0x0000000085400000, 0x0000000085400000| Untracked 
|  57|0x0000000085500000, 0x0000000085500000, 0x0000000085600000|  0%| F|  |TAMS 0x0000000085500000, 0x0000000085500000| Untracked 
|  58|0x0000000085600000, 0x0000000085600000, 0x0000000085700000|  0%| F|  |TAMS 0x0000000085600000, 0x0000000085600000| Untracked 
|  59|0x0000000085700000, 0x0000000085700000, 0x0000000085800000|  0%| F|  |TAMS 0x0000000085700000, 0x0000000085700000| Untracked 
|  60|0x0000000085800000, 0x0000000085800000, 0x0000000085900000|  0%| F|  |TAMS 0x0000000085800000, 0x0000000085800000| Untracked 
|  61|0x0000000085900000, 0x0000000085900000, 0x0000000085a00000|  0%| F|  |TAMS 0x0000000085900000, 0x0000000085900000| Untracked 
|  62|0x0000000085a00000, 0x0000000085a00000, 0x0000000085b00000|  0%| F|  |TAMS 0x0000000085a00000, 0x0000000085a00000| Untracked 
|  63|0x0000000085b00000, 0x0000000085b00000, 0x0000000085c00000|  0%| F|  |TAMS 0x0000000085b00000, 0x0000000085b00000| Untracked 
|  64|0x0000000085c00000, 0x0000000085c00000, 0x0000000085d00000|  0%| F|  |TAMS 0x0000000085c00000, 0x0000000085c00000| Untracked 
|  65|0x0000000085d00000, 0x0000000085d00000, 0x0000000085e00000|  0%| F|  |TAMS 0x0000000085d00000, 0x0000000085d00000| Untracked 
|  66|0x0000000085e00000, 0x0000000085e00000, 0x0000000085f00000|  0%| F|  |TAMS 0x0000000085e00000, 0x0000000085e00000| Untracked 
|  67|0x0000000085f00000, 0x0000000085f00000, 0x0000000086000000|  0%| F|  |TAMS 0x0000000085f00000, 0x0000000085f00000| Untracked 
|  68|0x0000000086000000, 0x0000000086000000, 0x0000000086100000|  0%| F|  |TAMS 0x0000000086000000, 0x0000000086000000| Untracked 
|  69|0x0000000086100000, 0x0000000086100000, 0x0000000086200000|  0%| F|  |TAMS 0x0000000086100000, 0x0000000086100000| Untracked 
|  70|0x0000000086200000, 0x0000000086200000, 0x0000000086300000|  0%| F|  |TAMS 0x0000000086200000, 0x0000000086200000| Untracked 
|  71|0x0000000086300000, 0x0000000086300000, 0x0000000086400000|  0%| F|  |TAMS 0x0000000086300000, 0x0000000086300000| Untracked 
|  72|0x0000000086400000, 0x0000000086400000, 0x0000000086500000|  0%| F|  |TAMS 0x0000000086400000, 0x0000000086400000| Untracked 
|  73|0x0000000086500000, 0x0000000086500000, 0x0000000086600000|  0%| F|  |TAMS 0x0000000086500000, 0x0000000086500000| Untracked 
|  74|0x0000000086600000, 0x0000000086600000, 0x0000000086700000|  0%| F|  |TAMS 0x0000000086600000, 0x0000000086600000| Untracked 
|  75|0x0000000086700000, 0x0000000086700000, 0x0000000086800000|  0%| F|  |TAMS 0x0000000086700000, 0x0000000086700000| Untracked 
|  76|0x0000000086800000, 0x0000000086800000, 0x0000000086900000|  0%| F|  |TAMS 0x0000000086800000, 0x0000000086800000| Untracked 
|  77|0x0000000086900000, 0x0000000086900000, 0x0000000086a00000|  0%| F|  |TAMS 0x0000000086900000, 0x0000000086900000| Untracked 
|  78|0x0000000086a00000, 0x0000000086a00000, 0x0000000086b00000|  0%| F|  |TAMS 0x0000000086a00000, 0x0000000086a00000| Untracked 
|  79|0x0000000086b00000, 0x0000000086b00000, 0x0000000086c00000|  0%| F|  |TAMS 0x0000000086b00000, 0x0000000086b00000| Untracked 
|  80|0x0000000086c00000, 0x0000000086c00000, 0x0000000086d00000|  0%| F|  |TAMS 0x0000000086c00000, 0x0000000086c00000| Untracked 
|  81|0x0000000086d00000, 0x0000000086d00000, 0x0000000086e00000|  0%| F|  |TAMS 0x0000000086d00000, 0x0000000086d00000| Untracked 
|  82|0x0000000086e00000, 0x0000000086e00000, 0x0000000086f00000|  0%| F|  |TAMS 0x0000000086e00000, 0x0000000086e00000| Untracked 
|  83|0x0000000086f00000, 0x0000000086f00000, 0x0000000087000000|  0%| F|  |TAMS 0x0000000086f00000, 0x0000000086f00000| Untracked 
|  84|0x0000000087000000, 0x0000000087000000, 0x0000000087100000|  0%| F|  |TAMS 0x0000000087000000, 0x0000000087000000| Untracked 
|  85|0x0000000087100000, 0x0000000087100000, 0x0000000087200000|  0%| F|  |TAMS 0x0000000087100000, 0x0000000087100000| Untracked 
|  86|0x0000000087200000, 0x0000000087200000, 0x0000000087300000|  0%| F|  |TAMS 0x0000000087200000, 0x0000000087200000| Untracked 
|  87|0x0000000087300000, 0x0000000087300000, 0x0000000087400000|  0%| F|  |TAMS 0x0000000087300000, 0x0000000087300000| Untracked 
|  88|0x0000000087400000, 0x0000000087400000, 0x0000000087500000|  0%| F|  |TAMS 0x0000000087400000, 0x0000000087400000| Untracked 
|  89|0x0000000087500000, 0x0000000087500000, 0x0000000087600000|  0%| F|  |TAMS 0x0000000087500000, 0x0000000087500000| Untracked 
|  90|0x0000000087600000, 0x0000000087600000, 0x0000000087700000|  0%| F|  |TAMS 0x0000000087600000, 0x0000000087600000| Untracked 
|  91|0x0000000087700000, 0x0000000087700000, 0x0000000087800000|  0%| F|  |TAMS 0x0000000087700000, 0x0000000087700000| Untracked 
|  92|0x0000000087800000, 0x0000000087800000, 0x0000000087900000|  0%| F|  |TAMS 0x0000000087800000, 0x0000000087800000| Untracked 
|  93|0x0000000087900000, 0x0000000087900000, 0x0000000087a00000|  0%| F|  |TAMS 0x0000000087900000, 0x0000000087900000| Untracked 
|  94|0x0000000087a00000, 0x0000000087a00000, 0x0000000087b00000|  0%| F|  |TAMS 0x0000000087a00000, 0x0000000087a00000| Untracked 
|  95|0x0000000087b00000, 0x0000000087b00000, 0x0000000087c00000|  0%| F|  |TAMS 0x0000000087b00000, 0x0000000087b00000| Untracked 
|  96|0x0000000087c00000, 0x0000000087c00000, 0x0000000087d00000|  0%| F|  |TAMS 0x0000000087c00000, 0x0000000087c00000| Untracked 
|  97|0x0000000087d00000, 0x0000000087d00000, 0x0000000087e00000|  0%| F|  |TAMS 0x0000000087d00000, 0x0000000087d00000| Untracked 
|  98|0x0000000087e00000, 0x0000000087e00000, 0x0000000087f00000|  0%| F|  |TAMS 0x0000000087e00000, 0x0000000087e00000| Untracked 
|  99|0x0000000087f00000, 0x0000000087f00000, 0x0000000088000000|  0%| F|  |TAMS 0x0000000087f00000, 0x0000000087f00000| Untracked 
| 100|0x0000000088000000, 0x0000000088000000, 0x0000000088100000|  0%| F|  |TAMS 0x0000000088000000, 0x0000000088000000| Untracked 
| 101|0x0000000088100000, 0x0000000088100000, 0x0000000088200000|  0%| F|  |TAMS 0x0000000088100000, 0x0000000088100000| Untracked 
| 102|0x0000000088200000, 0x0000000088200000, 0x0000000088300000|  0%| F|  |TAMS 0x0000000088200000, 0x0000000088200000| Untracked 
| 103|0x0000000088300000, 0x0000000088300000, 0x0000000088400000|  0%| F|  |TAMS 0x0000000088300000, 0x0000000088300000| Untracked 
| 104|0x0000000088400000, 0x0000000088400000, 0x0000000088500000|  0%| F|  |TAMS 0x0000000088400000, 0x0000000088400000| Untracked 
| 105|0x0000000088500000, 0x0000000088500000, 0x0000000088600000|  0%| F|  |TAMS 0x0000000088500000, 0x0000000088500000| Untracked 
| 106|0x0000000088600000, 0x0000000088600000, 0x0000000088700000|  0%| F|  |TAMS 0x0000000088600000, 0x0000000088600000| Untracked 
| 107|0x0000000088700000, 0x0000000088700000, 0x0000000088800000|  0%| F|  |TAMS 0x0000000088700000, 0x0000000088700000| Untracked 
| 108|0x0000000088800000, 0x0000000088800000, 0x0000000088900000|  0%| F|  |TAMS 0x0000000088800000, 0x0000000088800000| Untracked 
| 109|0x0000000088900000, 0x0000000088900000, 0x0000000088a00000|  0%| F|  |TAMS 0x0000000088900000, 0x0000000088900000| Untracked 
| 110|0x0000000088a00000, 0x0000000088a00000, 0x0000000088b00000|  0%| F|  |TAMS 0x0000000088a00000, 0x0000000088a00000| Untracked 
| 111|0x0000000088b00000, 0x0000000088b00000, 0x0000000088c00000|  0%| F|  |TAMS 0x0000000088b00000, 0x0000000088b00000| Untracked 
| 112|0x0000000088c00000, 0x0000000088c00000, 0x0000000088d00000|  0%| F|  |TAMS 0x0000000088c00000, 0x0000000088c00000| Untracked 
| 113|0x0000000088d00000, 0x0000000088d00000, 0x0000000088e00000|  0%| F|  |TAMS 0x0000000088d00000, 0x0000000088d00000| Untracked 
| 114|0x0000000088e00000, 0x0000000088e00000, 0x0000000088f00000|  0%| F|  |TAMS 0x0000000088e00000, 0x0000000088e00000| Untracked 
| 115|0x0000000088f00000, 0x0000000088f00000, 0x0000000089000000|  0%| F|  |TAMS 0x0000000088f00000, 0x0000000088f00000| Untracked 
| 116|0x0000000089000000, 0x0000000089000000, 0x0000000089100000|  0%| F|  |TAMS 0x0000000089000000, 0x0000000089000000| Untracked 
| 117|0x0000000089100000, 0x0000000089100000, 0x0000000089200000|  0%| F|  |TAMS 0x0000000089100000, 0x0000000089100000| Untracked 
| 118|0x0000000089200000, 0x0000000089200000, 0x0000000089300000|  0%| F|  |TAMS 0x0000000089200000, 0x0000000089200000| Untracked 
| 119|0x0000000089300000, 0x0000000089300000, 0x0000000089400000|  0%| F|  |TAMS 0x0000000089300000, 0x0000000089300000| Untracked 
| 120|0x0000000089400000, 0x0000000089400000, 0x0000000089500000|  0%| F|  |TAMS 0x0000000089400000, 0x0000000089400000| Untracked 
| 121|0x0000000089500000, 0x0000000089500000, 0x0000000089600000|  0%| F|  |TAMS 0x0000000089500000, 0x0000000089500000| Untracked 
| 122|0x0000000089600000, 0x0000000089600000, 0x0000000089700000|  0%| F|  |TAMS 0x0000000089600000, 0x0000000089600000| Untracked 
| 123|0x0000000089700000, 0x00000000897ec0d8, 0x0000000089800000| 92%| E|  |TAMS 0x0000000089700000, 0x0000000089700000| Complete 
| 124|0x0000000089800000, 0x0000000089900000, 0x0000000089900000|100%| E|CS|TAMS 0x0000000089800000, 0x0000000089800000| Complete 
| 125|0x0000000089900000, 0x0000000089a00000, 0x0000000089a00000|100%| E|CS|TAMS 0x0000000089900000, 0x0000000089900000| Complete 
| 126|0x0000000089a00000, 0x0000000089b00000, 0x0000000089b00000|100%| E|CS|TAMS 0x0000000089a00000, 0x0000000089a00000| Complete 
| 127|0x0000000089b00000, 0x0000000089c00000, 0x0000000089c00000|100%| E|CS|TAMS 0x0000000089b00000, 0x0000000089b00000| Complete 

Card table byte_map: [0x000002466df20000,0x000002466e320000] _byte_map_base: 0x000002466db12000

Marking Bits (Prev, Next): (CMBitMap*) 0x000002465709ded0, (CMBitMap*) 0x000002465709df10
 Prev Bits: [0x000002466e720000, 0x00000246706b0000)
 Next Bits: [0x00000246706b0000, 0x0000024672640000)

Polling page: 0x0000024654f40000

Metaspace:

Usage:
  Non-class:      3.93 MB used.
      Class:    486.83 KB used.
       Both:      4.41 MB used.

Virtual space:
  Non-class space:        8.00 MB reserved,       4.00 MB ( 50%) committed,  1 nodes.
      Class space:        1.00 GB reserved,     576.00 KB ( <1%) committed,  1 nodes.
              Both:        1.01 GB reserved,       4.56 MB ( <1%) committed. 

Chunk freelists:
   Non-Class:  3.91 MB
       Class:  3.25 MB
        Both:  7.16 MB

MaxMetaspaceSize: 17179869184.00 GB
CompressedClassSpaceSize: 1.00 GB
 - commit_granule_bytes: 65536.
 - commit_granule_words: 8192.
 - virtual_space_node_default_size: 1048576.
 - enlarge_chunks_in_place: 1.
 - new_chunks_are_fully_committed: 0.
 - uncommit_free_chunks: 1.
 - use_allocation_guard: 0.
 - handle_deallocations: 1.


Internal statistics:

num_allocs_failed_limit: 0.
num_arena_births: 90.
num_arena_deaths: 0.
num_vsnodes_births: 2.
num_vsnodes_deaths: 0.
num_space_committed: 73.
num_space_uncommitted: 0.
num_chunks_returned_to_freelist: 0.
num_chunks_taken_from_freelist: 106.
num_chunk_merges: 0.
num_chunk_splits: 68.
num_chunks_enlarged: 35.
num_purges: 0.

CodeHeap 'non-profiled nmethods': size=120000Kb used=132Kb max_used=132Kb free=119867Kb
 bounds [0x00000246662b0000, 0x0000024666520000, 0x000002466d7e0000]
CodeHeap 'profiled nmethods': size=120000Kb used=710Kb max_used=710Kb free=119289Kb
 bounds [0x000002465ed80000, 0x000002465eff0000, 0x00000246662b0000]
CodeHeap 'non-nmethods': size=5760Kb used=1202Kb max_used=1210Kb free=4557Kb
 bounds [0x000002465e7e0000, 0x000002465ea50000, 0x000002465ed80000]
 total_blobs=983 nmethods=482 adapters=414
 compilation: enabled
              stopped_count=0, restarted_count=0
 full_count=0

Compilation events (20 events):
Event: 0.437 Thread 0x0000024675030070  473       3       java.util.HashSet::add (20 bytes)
Event: 0.437 Thread 0x0000024675030070 nmethod 473 0x000002465ee2e290 code [0x000002465ee2e440, 0x000002465ee2e668]
Event: 0.437 Thread 0x0000024675030070  472       3       java.lang.Integer::<init> (10 bytes)
Event: 0.437 Thread 0x0000024675030070 nmethod 472 0x000002465ee2e710 code [0x000002465ee2e8c0, 0x000002465ee2ea98]
Event: 0.437 Thread 0x0000024675030070  474       3       java.lang.Integer::hashCode (8 bytes)
Event: 0.437 Thread 0x0000024675030070 nmethod 474 0x000002465ee2eb90 code [0x000002465ee2ed40, 0x000002465ee2ee98]
Event: 0.438 Thread 0x0000024675030070  475       3       java.lang.Integer::hashCode (2 bytes)
Event: 0.438 Thread 0x0000024675030070 nmethod 475 0x000002465ee2ef90 code [0x000002465ee2f120, 0x000002465ee2f218]
Event: 0.438 Thread 0x0000024675030070  476       1       java.lang.Integer::intValue (5 bytes)
Event: 0.438 Thread 0x0000024675030070 nmethod 476 0x00000246662d0c90 code [0x00000246662d0e20, 0x00000246662d0ef8]
Event: 0.438 Thread 0x0000024675030070  477       3       java.lang.CharacterData::of (124 bytes)
Event: 0.438 Thread 0x0000024675030070 nmethod 477 0x000002465ee2f290 code [0x000002465ee2f4c0, 0x000002465ee2fdf8]
Event: 0.443 Thread 0x0000024675030070  479       3       java.lang.String::<init> (14 bytes)
Event: 0.443 Thread 0x0000024675030070 nmethod 479 0x000002465ee30010 code [0x000002465ee301e0, 0x000002465ee303f8]
Event: 0.443 Thread 0x0000024675030070  481   !   3       java.lang.invoke.MemberName$Factory::resolve (159 bytes)
Event: 0.444 Thread 0x0000024675030070 nmethod 481 0x000002465ee30510 code [0x000002465ee30740, 0x000002465ee30e48]
Event: 0.444 Thread 0x0000024675030070  480       3       java.lang.String::rangeCheck (9 bytes)
Event: 0.444 Thread 0x0000024675030070 nmethod 480 0x000002465ee31190 code [0x000002465ee31340, 0x000002465ee31468]
Event: 0.444 Thread 0x0000024675030070  482       3       java.lang.invoke.MemberName::<init> (50 bytes)
Event: 0.444 Thread 0x0000024675030070 nmethod 482 0x000002465ee31510 code [0x000002465ee31700, 0x000002465ee31a18]

GC Heap History (0 events):
No events

Deoptimization events (0 events):
No events

Classes unloaded (0 events):
No events

Classes redefined (0 events):
No events

Internal exceptions (11 events):
Event: 0.299 Thread 0x000002465705c0f0 Exception <a 'java/lang/NoSuchMethodError'{0x0000000089a2b528}: 'void java.lang.invoke.DirectMethodHandle$Holder.invokeSpecial(java.lang.Object, java.lang.Object, java.lang.Object)'> (0x0000000089a2b528) 
thrown [t:\workspace\open\src\hotspot\share\interpreter\linkResolver.cpp, line 790]
Event: 0.319 Thread 0x000002465705c0f0 Exception <a 'java/lang/ClassNotFoundException'{0x0000000089a81a58}: sun/awt/resources/spi/awtProvider> (0x0000000089a81a58) 
thrown [t:\workspace\open\src\hotspot\share\classfile\systemDictionary.cpp, line 256]
Event: 0.336 Thread 0x000002465705c0f0 Exception <a 'java/io/FileNotFoundException'{0x0000000089adb510}> (0x0000000089adb510) 
thrown [t:\workspace\open\src\hotspot\share\prims\jni.cpp, line 579]
Event: 0.342 Thread 0x000002465705c0f0 Exception <a 'java/io/FileNotFoundException'{0x000000008990a518}> (0x000000008990a518) 
thrown [t:\workspace\open\src\hotspot\share\prims\jni.cpp, line 579]
Event: 0.342 Thread 0x000002465705c0f0 Exception <a 'java/lang/NoSuchMethodError'{0x000000008990b710}: 'java.lang.Object java.lang.invoke.DirectMethodHandle$Holder.invokeStatic(java.lang.Object)'> (0x000000008990b710) 
thrown [t:\workspace\open\src\hotspot\share\interpreter\linkResolver.cpp, line 790]
Event: 0.371 Thread 0x000002465705c0f0 Exception <a 'java/lang/NoSuchMethodError'{0x00000000899608c8}: 'java.lang.Object java.lang.invoke.DirectMethodHandle$Holder.invokeStaticInit(java.lang.Object)'> (0x00000000899608c8) 
thrown [t:\workspace\open\src\hotspot\share\interpreter\linkResolver.cpp, line 790]
Event: 0.400 Thread 0x000002465705c0f0 Exception <a 'java/lang/NoSuchMethodError'{0x0000000089848178}: 'java.lang.Object java.lang.invoke.DirectMethodHandle$Holder.newInvokeSpecial(java.lang.Object, java.lang.Object, java.lang.Object, java.lang.Object, java.lang.Object)'> (0x0000000089848178) 
thrown [t:\workspace\open\src\hotspot\share\interpreter\linkResolver.cpp, line 790]
Event: 0.402 Thread 0x000002465705c0f0 Exception <a 'java/lang/NoSuchMethodError'{0x0000000089853c60}: 'java.lang.Object java.lang.invoke.DirectMethodHandle$Holder.invokeStatic(java.lang.Object, int, java.lang.Object, java.lang.Object, java.lang.Object, java.lang.Object)'> (0x0000000089853c60) 
thrown [t:\workspace\open\src\hotspot\share\interpreter\linkResolver.cpp, line 790]
Event: 0.405 Thread 0x000002465705c0f0 Exception <a 'java/lang/NoSuchMethodError'{0x0000000089879f88}: 'java.lang.Object java.lang.invoke.DirectMethodHandle$Holder.invokeStatic(java.lang.Object, int, java.lang.Object)'> (0x0000000089879f88) 
thrown [t:\workspace\open\src\hotspot\share\interpreter\linkResolver.cpp, line 790]
Event: 0.426 Thread 0x000002465705c0f0 Exception <a 'java/lang/ClassNotFoundException'{0x0000000089732730}: com/sun/swing/internal/plaf/metal/resources/spi/metalProvider> (0x0000000089732730) 
thrown [t:\workspace\open\src\hotspot\share\classfile\systemDictionary.cpp, line 256]
Event: 0.427 Thread 0x000002465705c0f0 Exception <a 'java/lang/ClassNotFoundException'{0x0000000089736af8}: com/sun/swing/internal/plaf/basic/resources/spi/basicProvider> (0x0000000089736af8) 
thrown [t:\workspace\open\src\hotspot\share\classfile\systemDictionary.cpp, line 256]

Events (20 events):
Event: 0.444 loading class sun/java2d/pipe/hw/BufferedContextProvider done
Event: 0.444 loading class sun/java2d/pipe/hw/AccelGraphicsConfig done
Event: 0.444 loading class sun/java2d/d3d/D3DGraphicsConfig done
Event: 0.444 loading class sun/java2d/windows/GDIWindowSurfaceData
Event: 0.444 loading class sun/java2d/windows/GDIWindowSurfaceData done
Event: 0.444 loading class sun/java2d/loops/XORComposite
Event: 0.444 loading class java/awt/Composite
Event: 0.444 loading class java/awt/Composite done
Event: 0.444 loading class sun/java2d/loops/XORComposite done
Event: 0.444 loading class sun/java2d/windows/GDIBlitLoops
Event: 0.444 loading class sun/java2d/loops/Blit
Event: 0.444 loading class sun/java2d/loops/GraphicsPrimitive
Event: 0.444 loading class sun/java2d/loops/GraphicsPrimitive done
Event: 0.444 loading class sun/java2d/loops/Blit done
Event: 0.444 loading class sun/java2d/windows/GDIBlitLoops done
Event: 0.444 loading class sun/java2d/loops/GraphicsPrimitiveMgr
Event: 0.444 loading class sun/java2d/loops/GraphicsPrimitiveMgr done
Event: 0.444 loading class sun/java2d/loops/CompositeType
Event: 0.444 loading class sun/java2d/loops/CompositeType done
Event: 0.444 loading class sun/java2d/SunGraphics2D


Dynamic libraries:
0x00007ff6ba1c0000 - 0x00007ff6ba1d0000 	C:\Program Files\Java\jdk-16.0.1\bin\javaw.exe
0x00007ffe7cee0000 - 0x00007ffe7d0e7000 	C:\WINDOWS\SYSTEM32\ntdll.dll
0x00007ffe7c6f0000 - 0x00007ffe7c7ad000 	C:\WINDOWS\System32\KERNEL32.DLL
0x00007ffe7a6d0000 - 0x00007ffe7aa44000 	C:\WINDOWS\System32\KERNELBASE.dll
0x00007ffe7ab10000 - 0x00007ffe7ac21000 	C:\WINDOWS\System32\ucrtbase.dll
0x00007ffe4e680000 - 0x00007ffe4e699000 	C:\Program Files\Java\jdk-16.0.1\bin\VCRUNTIME140.dll
0x00007ffe5e1c0000 - 0x00007ffe5e1d8000 	C:\Program Files\Java\jdk-16.0.1\bin\jli.dll
0x00007ffe7ccd0000 - 0x00007ffe7cd7e000 	C:\WINDOWS\System32\ADVAPI32.dll
0x00007ffe7ae10000 - 0x00007ffe7aeb3000 	C:\WINDOWS\System32\msvcrt.dll
0x00007ffe7c7b0000 - 0x00007ffe7c84e000 	C:\WINDOWS\System32\sechost.dll
0x00007ffe7c570000 - 0x00007ffe7c690000 	C:\WINDOWS\System32\RPCRT4.dll
0x00007ffe7bc00000 - 0x00007ffe7bdac000 	C:\WINDOWS\System32\USER32.dll
0x00007ffe61a30000 - 0x00007ffe61cd5000 	C:\WINDOWS\WinSxS\amd64_microsoft.windows.common-controls_6595b64144ccf1df_6.0.22000.120_none_9d947278b86cc467\COMCTL32.dll
0x00007ffe7ac30000 - 0x00007ffe7ac56000 	C:\WINDOWS\System32\win32u.dll
0x00007ffe7aec0000 - 0x00007ffe7aee9000 	C:\WINDOWS\System32\GDI32.dll
0x00007ffe7a540000 - 0x00007ffe7a652000 	C:\WINDOWS\System32\gdi32full.dll
0x00007ffe7ac60000 - 0x00007ffe7acfd000 	C:\WINDOWS\System32\msvcp_win.dll
0x00007ffe72830000 - 0x00007ffe7283a000 	C:\WINDOWS\SYSTEM32\VERSION.dll
0x00007ffe7cc90000 - 0x00007ffe7ccc1000 	C:\WINDOWS\System32\IMM32.DLL
0x00007ffe61770000 - 0x00007ffe6177c000 	C:\Program Files\Java\jdk-16.0.1\bin\vcruntime140_1.dll
0x00007ffe33df0000 - 0x00007ffe33e81000 	C:\Program Files\Java\jdk-16.0.1\bin\msvcp140.dll
0x00007ffe22ba0000 - 0x00007ffe2374b000 	C:\Program Files\Java\jdk-16.0.1\bin\server\jvm.dll
0x00007ffe7b0c0000 - 0x00007ffe7b0c8000 	C:\WINDOWS\System32\PSAPI.DLL
0x00007ffe73b80000 - 0x00007ffe73bb3000 	C:\WINDOWS\SYSTEM32\WINMM.dll
0x00007ffe61700000 - 0x00007ffe61709000 	C:\WINDOWS\SYSTEM32\WSOCK32.dll
0x00007ffe7ada0000 - 0x00007ffe7ae0f000 	C:\WINDOWS\System32\WS2_32.dll
0x00007ffe794d0000 - 0x00007ffe794e8000 	C:\WINDOWS\SYSTEM32\kernel.appcore.dll
0x00007ffe60860000 - 0x00007ffe6086a000 	C:\Program Files\Java\jdk-16.0.1\bin\jimage.dll
0x00007ffe78a80000 - 0x00007ffe78ca1000 	C:\WINDOWS\SYSTEM32\DBGHELP.DLL
0x00007ffe5e9d0000 - 0x00007ffe5ea01000 	C:\WINDOWS\SYSTEM32\dbgcore.DLL
0x00007ffe7ad00000 - 0x00007ffe7ad7f000 	C:\WINDOWS\System32\bcryptPrimitives.dll
0x00007ffe47990000 - 0x00007ffe479b5000 	C:\Program Files\Java\jdk-16.0.1\bin\java.dll
0x00007ffe7bdc0000 - 0x00007ffe7c56e000 	C:\WINDOWS\System32\SHELL32.dll
0x00007ffe78210000 - 0x00007ffe78a77000 	C:\WINDOWS\SYSTEM32\windows.storage.dll
0x00007ffe7b1c0000 - 0x00007ffe7b538000 	C:\WINDOWS\System32\combase.dll
0x00007ffe77ff0000 - 0x00007ffe78156000 	C:\WINDOWS\SYSTEM32\wintypes.dll
0x00007ffe7b0d0000 - 0x00007ffe7b1ba000 	C:\WINDOWS\System32\SHCORE.dll
0x00007ffe7caa0000 - 0x00007ffe7cafd000 	C:\WINDOWS\System32\shlwapi.dll
0x00007ffe7a2b0000 - 0x00007ffe7a2d1000 	C:\WINDOWS\SYSTEM32\profapi.dll
0x00007ffe4b530000 - 0x00007ffe4b549000 	C:\Program Files\Java\jdk-16.0.1\bin\net.dll
0x00007ffe75540000 - 0x00007ffe7564c000 	C:\WINDOWS\SYSTEM32\WINHTTP.dll
0x00007ffe79900000 - 0x00007ffe79967000 	C:\WINDOWS\system32\mswsock.dll
0x00007ffe47850000 - 0x00007ffe47863000 	C:\Program Files\Java\jdk-16.0.1\bin\nio.dll
0x00007ffe47830000 - 0x00007ffe47848000 	C:\Program Files\Java\jdk-16.0.1\bin\zip.dll
0x00007ffe1e070000 - 0x00007ffe1e1f0000 	C:\Program Files\Java\jdk-16.0.1\bin\awt.dll
0x00007ffe7afe0000 - 0x00007ffe7b0b6000 	C:\WINDOWS\System32\OLEAUT32.dll
0x00007ffe76730000 - 0x00007ffe767c1000 	C:\WINDOWS\SYSTEM32\apphelp.dll
0x00007ffe77b20000 - 0x00007ffe77b4f000 	C:\WINDOWS\system32\DWMAPI.DLL
0x00007ffe77760000 - 0x00007ffe7780c000 	C:\WINDOWS\system32\uxtheme.dll
0x00007ffe4f870000 - 0x00007ffe4f971000 	C:\WINDOWS\system32\opengl32.dll
0x00007ffe616d0000 - 0x00007ffe616fd000 	C:\WINDOWS\SYSTEM32\GLU32.dll
0x00007ffe77860000 - 0x00007ffe77898000 	C:\WINDOWS\SYSTEM32\dxcore.dll
0x00007ffe7cb00000 - 0x00007ffe7cc1e000 	C:\WINDOWS\System32\MSCTF.dll
0x00007ffe7c870000 - 0x00007ffe7ca0a000 	C:\WINDOWS\System32\ole32.dll

dbghelp: loaded successfully - version: 4.0.5 - missing functions: none
symbol engine: initialized successfully - sym options: 0x614 - pdb path: .;C:\Program Files\Java\jdk-16.0.1\bin;C:\WINDOWS\SYSTEM32;C:\WINDOWS\WinSxS\amd64_microsoft.windows.common-controls_6595b64144ccf1df_6.0.22000.120_none_9d947278b86cc467;C:\Program Files\Java\jdk-16.0.1\bin\server

VM Arguments:
jvm_args: -Dfile.encoding=Cp1252 -XX:+ShowCodeDetailsInExceptionMessages 
java_command: school.School
java_class_path (initial): C:\Users\Ayush Jaiswal\eclipse-workspace\Village Management System\bin;C:\Users\Ayush Jaiswal\Downloads\mysql-connector-java-8.0.27\mysql-connector-java-8.0.27.jar;C:\Users\Ayush Jaiswal\Downloads\jdatepicker-1.3.4.jar;C:\Users\Ayush Jaiswal\Downloads\rs2xml\rs2xml\rs2xml.jar
Launcher Type: SUN_STANDARD

[Global flags]
     intx CICompilerCount                          = 4                                         {product} {ergonomic}
     uint ConcGCThreads                            = 2                                         {product} {ergonomic}
     uint G1ConcRefinementThreads                  = 8                                         {product} {ergonomic}
   size_t G1HeapRegionSize                         = 1048576                                   {product} {ergonomic}
    uintx GCDrainStackTargetSize                   = 64                                        {product} {ergonomic}
   size_t InitialHeapSize                          = 134217728                                 {product} {ergonomic}
   size_t MarkStackSize                            = 4194304                                   {product} {ergonomic}
   size_t MaxHeapSize                              = 2118123520                                {product} {ergonomic}
   size_t MaxNewSize                               = 1270874112                                {product} {ergonomic}
   size_t MinHeapDeltaBytes                        = 1048576                                   {product} {ergonomic}
   size_t MinHeapSize                              = 8388608                                   {product} {ergonomic}
    uintx NonNMethodCodeHeapSize                   = 5839372                                {pd product} {ergonomic}
    uintx NonProfiledCodeHeapSize                  = 122909434                              {pd product} {ergonomic}
    uintx ProfiledCodeHeapSize                     = 122909434                              {pd product} {ergonomic}
    uintx ReservedCodeCacheSize                    = 251658240                              {pd product} {ergonomic}
     bool SegmentedCodeCache                       = true                                      {product} {ergonomic}
     bool ShowCodeDetailsInExceptionMessages       = true                                   {manageable} {command line}
   size_t SoftMaxHeapSize                          = 2118123520                             {manageable} {ergonomic}
     bool UseCompressedClassPointers               = true                           {product lp64_product} {ergonomic}
     bool UseCompressedOops                        = true                           {product lp64_product} {ergonomic}
     bool UseG1GC                                  = true                                      {product} {ergonomic}
     bool UseLargePagesIndividualAllocation        = false                                  {pd product} {ergonomic}

Logging:
Log output configuration:
 #0: stdout all=warning uptime,level,tags
 #1: stderr all=off uptime,level,tags

Environment Variables:
JAVA_HOME=C:\Program Files\Java\jdk-16.0.1
CLASSPATH=C:\Program Files\Java\jdk-16.0.1\lib\sqlite-jdbc-3.14.2.jar
PATH=C:\Users\Ayush Jaiswal\New folder (2)\Scripts\;C:\Users\Ayush Jaiswal\New folder (2)\;C:\Program Files\Common Files\Oracle\Java\javapath;C:\WINDOWS\system32;C:\WINDOWS;C:\WINDOWS\System32\Wbem;C:\WINDOWS\System32\WindowsPowerShell\v1.0\;C:\WINDOWS\System32\OpenSSH\;C:\cygwin64\bin;C:\Program Files\Java\jdk-16.0.1\bin;C:\Program Files\CodeBlocks\MinGW\bin;C:\Program Files\Git\cmd;C:\Program Files\MySQL\MySQL Shell 8.0\bin\;C:\Users\Ayush Jaiswal\AppData\Local\Microsoft\WindowsApps;C:\Modeltech_pe_edu_10.4a\win32pe_edu;C:\Program Files (x86)\mingw-w64\i686-8.1.0-posix-dwarf-rt_v6-rev0\mingw32\bin;C:\Users\Ayush Jaiswal\AppData\Local\Programs\Microsoft VS Code\bin;
USERNAME=Ayush Jaiswal
OS=Windows_NT
PROCESSOR_IDENTIFIER=Intel64 Family 6 Model 142 Stepping 12, GenuineIntel



---------------  S Y S T E M  ---------------

OS:
 Windows 10 , 64 bit Build 22000 (10.0.22000.434)
OS uptime: 0 days 18:09 hours

CPU: total 8 (initial active 8) (4 cores per cpu, 2 threads per core) family 6 model 142 stepping 12 microcode 0xde, cx8, cmov, fxsr, ht, mmx, 3dnowpref, sse, sse2, sse3, ssse3, sse4.1, sse4.2, popcnt, lzcnt, tsc, tscinvbit, avx, avx2, aes, erms, clmul, bmi1, bmi2, adx, fma, vzeroupper, clflush, clflushopt

Memory: 4k page, system-wide physical 8078M (1009M free)
TotalPageFile size 32654M (AvailPageFile size 7M)
current process WorkingSet (physical memory assigned to process): 45M, peak: 45M
current process commit charge ("private bytes"): 217M, peak: 217M

vm_info: Java HotSpot(TM) 64-Bit Server VM (16.0.1+9-24) for windows-amd64 JRE (16.0.1+9-24), built on Mar 26 2021 19:31:42 by "mach5one" with MS VC++ 16.7 (VS2019)

END.
