#
# There is insufficient memory for the Java Runtime Environment to continue.
# Native memory allocation (mmap) failed to map 134217728 bytes for G1 virtual space
# Possible reasons:
#   The system is out of physical RAM or swap space
#   The process is running with CompressedOops enabled, and the Java Heap may be blocking the growth of the native heap
# Possible solutions:
#   Reduce memory load on the system
#   Increase physical memory or swap space
#   Check if swap backing store is full
#   Decrease Java heap size (-Xmx/-Xms)
#   Decrease number of Java threads
#   Decrease Java thread stack sizes (-Xss)
#   Set larger code cache with -XX:ReservedCodeCacheSize=
#   JVM is running with Unscaled Compressed Oops mode in which the Java heap is
#     placed in the first 4GB address space. The Java Heap base address is the
#     maximum limit for the native heap growth. Please use -XX:HeapBaseMinAddress
#     to set the Java Heap base and to place the Java Heap above 4GB virtual address.
# This output file may be truncated or incomplete.
#
#  Out of Memory Error (os_windows.cpp:3466), pid=26024, tid=21772
#
# JRE version:  (16.0.1+9) (build )
# Java VM: Java HotSpot(TM) 64-Bit Server VM (16.0.1+9-24, mixed mode, sharing, tiered, compressed oops, compressed class ptrs, g1 gc, windows-amd64)
# No core dump will be written. Minidumps are not enabled by default on client versions of Windows
#

---------------  S U M M A R Y ------------

Command Line: -Dfile.encoding=Cp1252 -XX:+ShowCodeDetailsInExceptionMessages anganwadichildren.AddAnganwadiChildren

Host: Intel(R) Core(TM) i5-8265U CPU @ 1.60GHz, 8 cores, 7G,  Windows 10 , 64 bit Build 22000 (10.0.22000.434)
Time: Thu Feb  3 14:35:34 2022 India Standard Time elapsed time: 0.021331 seconds (0d 0h 0m 0s)

---------------  T H R E A D  ---------------

Current thread (0x000002078a2ca4f0):  JavaThread "Unknown thread" [_thread_in_vm, id=21772, stack(0x0000003b32300000,0x0000003b32400000)]

Stack: [0x0000003b32300000,0x0000003b32400000]
Native frames: (J=compiled Java code, j=interpreted, Vv=VM code, C=native code)
V  [jvm.dll+0x6687ca]
V  [jvm.dll+0x7ca3c9]
V  [jvm.dll+0x7cbb53]
V  [jvm.dll+0x7cc1b3]
V  [jvm.dll+0x242ea5]
V  [jvm.dll+0x665589]
V  [jvm.dll+0x65a175]
V  [jvm.dll+0x2fc5ab]
V  [jvm.dll+0x3037a6]
V  [jvm.dll+0x352fee]
V  [jvm.dll+0x35321f]
V  [jvm.dll+0x2d3618]
V  [jvm.dll+0x2d4854]
V  [jvm.dll+0x79ccb1]
V  [jvm.dll+0x360de1]
V  [jvm.dll+0x77a990]
V  [jvm.dll+0x3e55af]
V  [jvm.dll+0x3e7081]
C  [jli.dll+0x52fb]
C  [ucrtbase.dll+0x26c0c]
C  [KERNEL32.DLL+0x154e0]
C  [ntdll.dll+0x485b]


---------------  P R O C E S S  ---------------

Threads class SMR info:
_java_thread_list=0x00007ffe236acbb8, length=0, elements={
}

Java Threads: ( => current thread )

Other Threads:
  0x000002078a30bd60 GCTaskThread "GC Thread#0" [stack: 0x0000003b32400000,0x0000003b32500000] [id=8384]
  0x000002078a31cb20 ConcurrentGCThread "G1 Main Marker" [stack: 0x0000003b32500000,0x0000003b32600000] [id=12564]
  0x000002078a31ed40 ConcurrentGCThread "G1 Conc#0" [stack: 0x0000003b32600000,0x0000003b32700000] [id=21792]

[error occurred during error reporting (printing all threads), id 0xc0000005, EXCEPTION_ACCESS_VIOLATION (0xc0000005) at pc=0x00007ffe22e844d7]

VM state: not at safepoint (not fully initialized)

VM Mutex/Monitor currently owned by a thread:  ([mutex/lock_event])
[0x000002078a2c63a0] Heap_lock - owner thread: 0x000002078a2ca4f0

Heap address: 0x0000000081c00000, size: 2020 MB, Compressed Oops mode: 32-bit

CDS archive(s) mapped at: [0x0000000000000000-0x0000000000000000-0x0000000000000000), size 0, SharedBaseAddress: 0x0000000800000000, ArchiveRelocationMode: 0.
Narrow klass base: 0x0000000000000000, Narrow klass shift: 0, Narrow klass range: 0x0

GC Precious Log:
<Empty>

Heap:
 garbage-first heap   total 0K, used 0K [0x0000000081c00000, 0x0000000100000000)
  region size 1024K, 0 young (0K), 0 survivors (0K)

[error occurred during error reporting (printing heap information), id 0xc0000005, EXCEPTION_ACCESS_VIOLATION (0xc0000005) at pc=0x00007ffe232624ed]

GC Heap History (0 events):
No events

Deoptimization events (0 events):
No events

Classes unloaded (0 events):
No events

Classes redefined (0 events):
No events

Internal exceptions (0 events):
No events

Events (1 events):
Event: 0.007 Loaded shared library C:\Program Files\Java\jdk-16.0.1\bin\java.dll


Dynamic libraries:
0x00007ff6ba1c0000 - 0x00007ff6ba1d0000 	C:\Program Files\Java\jdk-16.0.1\bin\javaw.exe
0x00007ffe7cee0000 - 0x00007ffe7d0e7000 	C:\WINDOWS\SYSTEM32\ntdll.dll
0x00007ffe7c6f0000 - 0x00007ffe7c7ad000 	C:\WINDOWS\System32\KERNEL32.DLL
0x00007ffe7a6d0000 - 0x00007ffe7aa44000 	C:\WINDOWS\System32\KERNELBASE.dll
0x00007ffe7ab10000 - 0x00007ffe7ac21000 	C:\WINDOWS\System32\ucrtbase.dll
0x00007ffe5e1c0000 - 0x00007ffe5e1d8000 	C:\Program Files\Java\jdk-16.0.1\bin\jli.dll
0x00007ffe7ccd0000 - 0x00007ffe7cd7e000 	C:\WINDOWS\System32\ADVAPI32.dll
0x00007ffe4e680000 - 0x00007ffe4e699000 	C:\Program Files\Java\jdk-16.0.1\bin\VCRUNTIME140.dll
0x00007ffe7ae10000 - 0x00007ffe7aeb3000 	C:\WINDOWS\System32\msvcrt.dll
0x00007ffe7c7b0000 - 0x00007ffe7c84e000 	C:\WINDOWS\System32\sechost.dll
0x00007ffe7c570000 - 0x00007ffe7c690000 	C:\WINDOWS\System32\RPCRT4.dll
0x00007ffe7bc00000 - 0x00007ffe7bdac000 	C:\WINDOWS\System32\USER32.dll
0x00007ffe61a30000 - 0x00007ffe61cd5000 	C:\WINDOWS\WinSxS\amd64_microsoft.windows.common-controls_6595b64144ccf1df_6.0.22000.120_none_9d947278b86cc467\COMCTL32.dll
0x00007ffe7ac30000 - 0x00007ffe7ac56000 	C:\WINDOWS\System32\win32u.dll
0x00007ffe7aec0000 - 0x00007ffe7aee9000 	C:\WINDOWS\System32\GDI32.dll
0x00007ffe7a540000 - 0x00007ffe7a652000 	C:\WINDOWS\System32\gdi32full.dll
0x00007ffe7ac60000 - 0x00007ffe7acfd000 	C:\WINDOWS\System32\msvcp_win.dll
0x00007ffe72830000 - 0x00007ffe7283a000 	C:\WINDOWS\SYSTEM32\VERSION.dll
0x00007ffe7cc90000 - 0x00007ffe7ccc1000 	C:\WINDOWS\System32\IMM32.DLL
0x00007ffe61770000 - 0x00007ffe6177c000 	C:\Program Files\Java\jdk-16.0.1\bin\vcruntime140_1.dll
0x00007ffe33df0000 - 0x00007ffe33e81000 	C:\Program Files\Java\jdk-16.0.1\bin\msvcp140.dll
0x00007ffe22ba0000 - 0x00007ffe2374b000 	C:\Program Files\Java\jdk-16.0.1\bin\server\jvm.dll
0x00007ffe7b0c0000 - 0x00007ffe7b0c8000 	C:\WINDOWS\System32\PSAPI.DLL
0x00007ffe73b80000 - 0x00007ffe73bb3000 	C:\WINDOWS\SYSTEM32\WINMM.dll
0x00007ffe61700000 - 0x00007ffe61709000 	C:\WINDOWS\SYSTEM32\WSOCK32.dll
0x00007ffe7ada0000 - 0x00007ffe7ae0f000 	C:\WINDOWS\System32\WS2_32.dll
0x00007ffe794d0000 - 0x00007ffe794e8000 	C:\WINDOWS\SYSTEM32\kernel.appcore.dll
0x00007ffe60860000 - 0x00007ffe6086a000 	C:\Program Files\Java\jdk-16.0.1\bin\jimage.dll
0x00007ffe78a80000 - 0x00007ffe78ca1000 	C:\WINDOWS\SYSTEM32\DBGHELP.DLL
0x00007ffe5e9d0000 - 0x00007ffe5ea01000 	C:\WINDOWS\SYSTEM32\dbgcore.DLL
0x00007ffe7ad00000 - 0x00007ffe7ad7f000 	C:\WINDOWS\System32\bcryptPrimitives.dll
0x00007ffe47990000 - 0x00007ffe479b5000 	C:\Program Files\Java\jdk-16.0.1\bin\java.dll

dbghelp: loaded successfully - version: 4.0.5 - missing functions: none
symbol engine: initialized successfully - sym options: 0x614 - pdb path: .;C:\Program Files\Java\jdk-16.0.1\bin;C:\WINDOWS\SYSTEM32;C:\WINDOWS\WinSxS\amd64_microsoft.windows.common-controls_6595b64144ccf1df_6.0.22000.120_none_9d947278b86cc467;C:\Program Files\Java\jdk-16.0.1\bin\server

VM Arguments:
jvm_args: -Dfile.encoding=Cp1252 -XX:+ShowCodeDetailsInExceptionMessages 
java_command: anganwadichildren.AddAnganwadiChildren
java_class_path (initial): C:\Users\Ayush Jaiswal\eclipse-workspace\Village Management System\bin;C:\Users\Ayush Jaiswal\Downloads\mysql-connector-java-8.0.27\mysql-connector-java-8.0.27.jar;C:\Users\Ayush Jaiswal\Downloads\jdatepicker-1.3.4.jar;C:\Users\Ayush Jaiswal\Downloads\rs2xml\rs2xml\rs2xml.jar
Launcher Type: SUN_STANDARD

[Global flags]
     intx CICompilerCount                          = 4                                         {product} {ergonomic}
     uint ConcGCThreads                            = 2                                         {product} {ergonomic}
     uint G1ConcRefinementThreads                  = 8                                         {product} {ergonomic}
   size_t G1HeapRegionSize                         = 1048576                                   {product} {ergonomic}
    uintx GCDrainStackTargetSize                   = 64                                        {product} {ergonomic}
   size_t InitialHeapSize                          = 134217728                                 {product} {ergonomic}
   size_t MarkStackSize                            = 4194304                                   {product} {ergonomic}
   size_t MaxHeapSize                              = 2118123520                                {product} {ergonomic}
   size_t MinHeapDeltaBytes                        = 1048576                                   {product} {ergonomic}
   size_t MinHeapSize                              = 8388608                                   {product} {ergonomic}
    uintx NonNMethodCodeHeapSize                   = 5839372                                {pd product} {ergonomic}
    uintx NonProfiledCodeHeapSize                  = 122909434                              {pd product} {ergonomic}
    uintx ProfiledCodeHeapSize                     = 122909434                              {pd product} {ergonomic}
    uintx ReservedCodeCacheSize                    = 251658240                              {pd product} {ergonomic}
     bool SegmentedCodeCache                       = true                                      {product} {ergonomic}
     bool ShowCodeDetailsInExceptionMessages       = true                                   {manageable} {command line}
   size_t SoftMaxHeapSize                          = 2118123520                             {manageable} {ergonomic}
     bool UseCompressedClassPointers               = true                           {product lp64_product} {ergonomic}
     bool UseCompressedOops                        = true                           {product lp64_product} {ergonomic}
     bool UseG1GC                                  = true                                      {product} {ergonomic}
     bool UseLargePagesIndividualAllocation        = false                                  {pd product} {ergonomic}

Logging:
Log output configuration:
 #0: stdout all=warning uptime,level,tags
 #1: stderr all=off uptime,level,tags

Environment Variables:
JAVA_HOME=C:\Program Files\Java\jdk-16.0.1
CLASSPATH=C:\Program Files\Java\jdk-16.0.1\lib\sqlite-jdbc-3.14.2.jar
PATH=C:\Users\Ayush Jaiswal\New folder (2)\Scripts\;C:\Users\Ayush Jaiswal\New folder (2)\;C:\Program Files\Common Files\Oracle\Java\javapath;C:\WINDOWS\system32;C:\WINDOWS;C:\WINDOWS\System32\Wbem;C:\WINDOWS\System32\WindowsPowerShell\v1.0\;C:\WINDOWS\System32\OpenSSH\;C:\cygwin64\bin;C:\Program Files\Java\jdk-16.0.1\bin;C:\Program Files\CodeBlocks\MinGW\bin;C:\Program Files\Git\cmd;C:\Program Files\MySQL\MySQL Shell 8.0\bin\;C:\Users\Ayush Jaiswal\AppData\Local\Microsoft\WindowsApps;C:\Modeltech_pe_edu_10.4a\win32pe_edu;C:\Program Files (x86)\mingw-w64\i686-8.1.0-posix-dwarf-rt_v6-rev0\mingw32\bin;C:\Users\Ayush Jaiswal\AppData\Local\Programs\Microsoft VS Code\bin;
USERNAME=Ayush Jaiswal
OS=Windows_NT
PROCESSOR_IDENTIFIER=Intel64 Family 6 Model 142 Stepping 12, GenuineIntel



---------------  S Y S T E M  ---------------

OS:
 Windows 10 , 64 bit Build 22000 (10.0.22000.434)
OS uptime: 0 days 20:10 hours

CPU: total 8 (initial active 8) (4 cores per cpu, 2 threads per core) family 6 model 142 stepping 12 microcode 0xde, cx8, cmov, fxsr, ht, mmx, 3dnowpref, sse, sse2, sse3, ssse3, sse4.1, sse4.2, popcnt, lzcnt, tsc, tscinvbit, avx, avx2, aes, erms, clmul, bmi1, bmi2, adx, fma, vzeroupper, clflush, clflushopt

Memory: 4k page, system-wide physical 8078M (292M free)
TotalPageFile size 32644M (AvailPageFile size 57M)
current process WorkingSet (physical memory assigned to process): 10M, peak: 10M
current process commit charge ("private bytes"): 60M, peak: 188M

vm_info: Java HotSpot(TM) 64-Bit Server VM (16.0.1+9-24) for windows-amd64 JRE (16.0.1+9-24), built on Mar 26 2021 19:31:42 by "mach5one" with MS VC++ 16.7 (VS2019)

END.
